[0.009s] Invoking command in '/home/aadesh/proj_ws/src/build/rrbot_description': CMAKE_PREFIX_PATH=/opt/ros/humble /usr/bin/cmake /home/aadesh/proj_ws/src/rrbot_simulation_files/rrbot_simulation_files/rrbot_description -DAMENT_CMAKE_SYMLINK_INSTALL=1 -DCMAKE_INSTALL_PREFIX=/home/aadesh/proj_ws/src/install/rrbot_description
[0.425s] -- The C compiler identification is GNU 11.3.0
[0.529s] -- The CXX compiler identification is GNU 11.3.0
[0.541s] -- Detecting C compiler ABI info
[0.702s] -- Detecting C compiler ABI info - done
[0.712s] -- Check for working C compiler: /usr/bin/cc - skipped
[0.713s] -- Detecting C compile features
[0.713s] -- Detecting C compile features - done
[0.718s] -- Detecting CXX compiler ABI info
[0.803s] -- Detecting CXX compiler ABI info - done
[0.812s] -- Check for working CXX compiler: /usr/bin/c++ - skipped
[0.812s] -- Detecting CXX compile features
[0.813s] -- Detecting CXX compile features - done
[0.815s] -- Found ament_cmake: 1.3.2 (/opt/ros/humble/share/ament_cmake/cmake)
[1.000s] -- Found Python3: /usr/bin/python3.10 (found version "3.10.6") found components: Interpreter 
[1.065s] -- Override CMake install command with custom implementation using symlinks instead of copying resources
[1.209s] -- Configuring done
[1.212s] -- Generating done
[1.213s] -- Build files have been written to: /home/aadesh/proj_ws/src/build/rrbot_description
[1.219s] Invoked command in '/home/aadesh/proj_ws/src/build/rrbot_description' returned '0': CMAKE_PREFIX_PATH=/opt/ros/humble /usr/bin/cmake /home/aadesh/proj_ws/src/rrbot_simulation_files/rrbot_simulation_files/rrbot_description -DAMENT_CMAKE_SYMLINK_INSTALL=1 -DCMAKE_INSTALL_PREFIX=/home/aadesh/proj_ws/src/install/rrbot_description
[1.219s] Invoking command in '/home/aadesh/proj_ws/src/build/rrbot_description': CMAKE_PREFIX_PATH=/opt/ros/humble /usr/bin/cmake --build /home/aadesh/proj_ws/src/build/rrbot_description -- -j8 -l8
[1.257s] Invoked command in '/home/aadesh/proj_ws/src/build/rrbot_description' returned '0': CMAKE_PREFIX_PATH=/opt/ros/humble /usr/bin/cmake --build /home/aadesh/proj_ws/src/build/rrbot_description -- -j8 -l8
[1.288s] Invoking command in '/home/aadesh/proj_ws/src/build/rrbot_description': CMAKE_PREFIX_PATH=/opt/ros/humble /usr/bin/cmake --install /home/aadesh/proj_ws/src/build/rrbot_description
[1.294s] -- Install configuration: ""
[1.295s] -- Execute custom install script
[1.296s] -- Symlinking: /home/aadesh/proj_ws/src/install/rrbot_description/share/rrbot_description/config/rrbot.rviz
[1.304s] -- Symlinking: /home/aadesh/proj_ws/src/install/rrbot_description/share/rrbot_description/gazebo/rrbot.gazebo.xacro
[1.313s] -- Symlinking: /home/aadesh/proj_ws/src/install/rrbot_description/share/rrbot_description/gazebo/rrbot.materials.xacro
[1.321s] -- Symlinking: /home/aadesh/proj_ws/src/install/rrbot_description/share/rrbot_description/meshes/hokuyo.dae
[1.330s] -- Symlinking: /home/aadesh/proj_ws/src/install/rrbot_description/share/rrbot_description/launch/view_robot.launch.py
[1.339s] -- Symlinking: /home/aadesh/proj_ws/src/install/rrbot_description/share/rrbot_description/ros2_control/rrbot.ros2_control.xacro
[1.348s] -- Symlinking: /home/aadesh/proj_ws/src/install/rrbot_description/share/rrbot_description/urdf/rrbot.urdf.xacro
[1.356s] -- Symlinking: /home/aadesh/proj_ws/src/install/rrbot_description/share/rrbot_description/urdf/rrbot_description.urdf.xacro
[1.365s] -- Symlinking: /home/aadesh/proj_ws/src/install/rrbot_description/share/rrbot_description/environment/rrbot_description.dsv
[1.374s] -- Symlinking: /home/aadesh/proj_ws/src/install/rrbot_description/share/ament_index/resource_index/package_run_dependencies/rrbot_description
[1.382s] -- Symlinking: /home/aadesh/proj_ws/src/install/rrbot_description/share/ament_index/resource_index/parent_prefix_path/rrbot_description
[1.391s] -- Symlinking: /home/aadesh/proj_ws/src/install/rrbot_description/share/rrbot_description/environment/ament_prefix_path.sh
[1.399s] -- Symlinking: /home/aadesh/proj_ws/src/install/rrbot_description/share/rrbot_description/environment/ament_prefix_path.dsv
[1.407s] -- Symlinking: /home/aadesh/proj_ws/src/install/rrbot_description/share/rrbot_description/environment/path.sh
[1.416s] -- Symlinking: /home/aadesh/proj_ws/src/install/rrbot_description/share/rrbot_description/environment/path.dsv
[1.424s] -- Symlinking: /home/aadesh/proj_ws/src/install/rrbot_description/share/rrbot_description/local_setup.bash
[1.435s] -- Symlinking: /home/aadesh/proj_ws/src/install/rrbot_description/share/rrbot_description/local_setup.sh
[1.443s] -- Symlinking: /home/aadesh/proj_ws/src/install/rrbot_description/share/rrbot_description/local_setup.zsh
[1.452s] -- Symlinking: /home/aadesh/proj_ws/src/install/rrbot_description/share/rrbot_description/local_setup.dsv
[1.460s] -- Symlinking: /home/aadesh/proj_ws/src/install/rrbot_description/share/rrbot_description/package.dsv
[1.469s] -- Symlinking: /home/aadesh/proj_ws/src/install/rrbot_description/share/ament_index/resource_index/packages/rrbot_description
[1.478s] -- Symlinking: /home/aadesh/proj_ws/src/install/rrbot_description/share/rrbot_description/cmake/rrbot_descriptionConfig.cmake
[1.486s] -- Symlinking: /home/aadesh/proj_ws/src/install/rrbot_description/share/rrbot_description/cmake/rrbot_descriptionConfig-version.cmake
[1.494s] -- Symlinking: /home/aadesh/proj_ws/src/install/rrbot_description/share/rrbot_description/package.xml
[1.505s] Invoked command in '/home/aadesh/proj_ws/src/build/rrbot_description' returned '0': CMAKE_PREFIX_PATH=/opt/ros/humble /usr/bin/cmake --install /home/aadesh/proj_ws/src/build/rrbot_description
