[0.662s] Invoking command in '/home/aadesh/proj_ws/src/FK': PYTHONPATH=/home/aadesh/proj_ws/src/install/FK/lib/python3.10/site-packages:${PYTHONPATH} /usr/bin/python3 setup.py egg_info --egg-base ../build/FK build --build-base /home/aadesh/proj_ws/src/build/FK/build install --prefix /home/aadesh/proj_ws/src/install/FK --record /home/aadesh/proj_ws/src/build/FK/install.log --single-version-externally-managed
[0.909s] running egg_info
[0.910s] writing ../build/FK/FK.egg-info/PKG-INFO
[0.910s] writing dependency_links to ../build/FK/FK.egg-info/dependency_links.txt
[0.910s] writing entry points to ../build/FK/FK.egg-info/entry_points.txt
[0.910s] writing requirements to ../build/FK/FK.egg-info/requires.txt
[0.910s] writing top-level names to ../build/FK/FK.egg-info/top_level.txt
[0.912s] reading manifest file '../build/FK/FK.egg-info/SOURCES.txt'
[0.913s] writing manifest file '../build/FK/FK.egg-info/SOURCES.txt'
[0.913s] running build
[0.913s] running build_py
[0.913s] running install
[0.913s] /usr/lib/python3/dist-packages/setuptools/command/install.py:34: SetuptoolsDeprecationWarning: setup.py install is deprecated. Use build and pip and other standards-based tools.
[0.913s]   warnings.warn(
[0.913s] running install_lib
[0.914s] byte-compiling /home/aadesh/proj_ws/src/install/FK/lib/python3.10/site-packages/FK/end_pose.py to end_pose.cpython-310.pyc
[0.915s] running install_data
[0.916s] running install_egg_info
[0.917s] removing '/home/aadesh/proj_ws/src/install/FK/lib/python3.10/site-packages/FK-0.0.0-py3.10.egg-info' (and everything under it)
[0.917s] Copying ../build/FK/FK.egg-info to /home/aadesh/proj_ws/src/install/FK/lib/python3.10/site-packages/FK-0.0.0-py3.10.egg-info
[0.918s] running install_scripts
[0.941s] Installing listener script to /home/aadesh/proj_ws/src/install/FK/lib/FK
[0.941s] writing list of installed files to '/home/aadesh/proj_ws/src/build/FK/install.log'
[0.970s] Invoked command in '/home/aadesh/proj_ws/src/FK' returned '0': PYTHONPATH=/home/aadesh/proj_ws/src/install/FK/lib/python3.10/site-packages:${PYTHONPATH} /usr/bin/python3 setup.py egg_info --egg-base ../build/FK build --build-base /home/aadesh/proj_ws/src/build/FK/build install --prefix /home/aadesh/proj_ws/src/install/FK --record /home/aadesh/proj_ws/src/build/FK/install.log --single-version-externally-managed
