[0.303s] DEBUG:colcon:Command line arguments: ['/usr/bin/colcon', 'build']
[0.303s] DEBUG:colcon:Parsed command line arguments: Namespace(log_base=None, log_level=None, verb_name='build', build_base='build', install_base='install', merge_install=False, symlink_install=False, test_result_base=None, continue_on_error=False, executor='parallel', parallel_workers=8, event_handlers=None, ignore_user_meta=False, metas=['./colcon.meta'], base_paths=['.'], packages_ignore=None, packages_ignore_regex=None, paths=None, packages_up_to=None, packages_up_to_regex=None, packages_above=None, packages_above_and_dependencies=None, packages_above_depth=None, packages_select_by_dep=None, packages_skip_by_dep=None, packages_skip_up_to=None, packages_select_build_failed=False, packages_skip_build_finished=False, packages_select_test_failures=False, packages_skip_test_passed=False, packages_select=None, packages_skip=None, packages_select_regex=None, packages_skip_regex=None, packages_start=None, packages_end=None, allow_overriding=[], cmake_args=None, cmake_target=None, cmake_target_skip_unavailable=False, cmake_clean_cache=False, cmake_clean_first=False, cmake_force_configure=False, ament_cmake_args=None, catkin_cmake_args=None, catkin_skip_building_tests=False, verb_parser=<colcon_defaults.argument_parser.defaults.DefaultArgumentsDecorator object at 0x7ffb51cebee0>, verb_extension=<colcon_core.verb.build.BuildVerb object at 0x7ffb5265ab60>, main=<bound method BuildVerb.main of <colcon_core.verb.build.BuildVerb object at 0x7ffb5265ab60>>)
[0.326s] Level 1:colcon.colcon_core.package_discovery:discover_packages(colcon_meta) check parameters
[0.326s] Level 1:colcon.colcon_core.package_discovery:discover_packages(recursive) check parameters
[0.326s] Level 1:colcon.colcon_core.package_discovery:discover_packages(ignore) check parameters
[0.326s] Level 1:colcon.colcon_core.package_discovery:discover_packages(path) check parameters
[0.326s] Level 1:colcon.colcon_core.package_discovery:discover_packages(colcon_meta) discover
[0.327s] Level 1:colcon.colcon_core.package_discovery:discover_packages(recursive) discover
[0.327s] INFO:colcon.colcon_core.package_discovery:Crawling recursively for packages in '/home/aadesh/proj_ws/src'
[0.327s] Level 1:colcon.colcon_core.package_identification:_identify(.) by extensions ['ignore', 'ignore_ament_install']
[0.327s] Level 1:colcon.colcon_core.package_identification:_identify(.) by extension 'ignore'
[0.327s] Level 1:colcon.colcon_core.package_identification:_identify(.) by extension 'ignore_ament_install'
[0.327s] Level 1:colcon.colcon_core.package_identification:_identify(.) by extensions ['colcon_pkg']
[0.327s] Level 1:colcon.colcon_core.package_identification:_identify(.) by extension 'colcon_pkg'
[0.327s] Level 1:colcon.colcon_core.package_identification:_identify(.) by extensions ['colcon_meta']
[0.327s] Level 1:colcon.colcon_core.package_identification:_identify(.) by extension 'colcon_meta'
[0.327s] Level 1:colcon.colcon_core.package_identification:_identify(.) by extensions ['ros']
[0.327s] Level 1:colcon.colcon_core.package_identification:_identify(.) by extension 'ros'
[0.347s] Level 1:colcon.colcon_core.package_identification:_identify(.) by extensions ['cmake', 'python']
[0.347s] Level 1:colcon.colcon_core.package_identification:_identify(.) by extension 'cmake'
[0.347s] Level 1:colcon.colcon_core.package_identification:_identify(.) by extension 'python'
[0.347s] Level 1:colcon.colcon_core.package_identification:_identify(.) by extensions ['python_setup_py']
[0.347s] Level 1:colcon.colcon_core.package_identification:_identify(.) by extension 'python_setup_py'
[0.348s] Level 1:colcon.colcon_core.package_identification:_identify(build) by extensions ['ignore', 'ignore_ament_install']
[0.348s] Level 1:colcon.colcon_core.package_identification:_identify(build) by extension 'ignore'
[0.348s] Level 1:colcon.colcon_core.package_identification:_identify(build) ignored
[0.348s] Level 1:colcon.colcon_core.package_identification:_identify(install) by extensions ['ignore', 'ignore_ament_install']
[0.348s] Level 1:colcon.colcon_core.package_identification:_identify(install) by extension 'ignore'
[0.348s] Level 1:colcon.colcon_core.package_identification:_identify(install) ignored
[0.348s] Level 1:colcon.colcon_core.package_identification:_identify(log) by extensions ['ignore', 'ignore_ament_install']
[0.348s] Level 1:colcon.colcon_core.package_identification:_identify(log) by extension 'ignore'
[0.348s] Level 1:colcon.colcon_core.package_identification:_identify(log) ignored
[0.348s] Level 1:colcon.colcon_core.package_identification:_identify(rrbot_simulation_files) by extensions ['ignore', 'ignore_ament_install']
[0.349s] Level 1:colcon.colcon_core.package_identification:_identify(rrbot_simulation_files) by extension 'ignore'
[0.349s] Level 1:colcon.colcon_core.package_identification:_identify(rrbot_simulation_files) by extension 'ignore_ament_install'
[0.349s] Level 1:colcon.colcon_core.package_identification:_identify(rrbot_simulation_files) by extensions ['colcon_pkg']
[0.349s] Level 1:colcon.colcon_core.package_identification:_identify(rrbot_simulation_files) by extension 'colcon_pkg'
[0.349s] Level 1:colcon.colcon_core.package_identification:_identify(rrbot_simulation_files) by extensions ['colcon_meta']
[0.349s] Level 1:colcon.colcon_core.package_identification:_identify(rrbot_simulation_files) by extension 'colcon_meta'
[0.349s] Level 1:colcon.colcon_core.package_identification:_identify(rrbot_simulation_files) by extensions ['ros']
[0.349s] Level 1:colcon.colcon_core.package_identification:_identify(rrbot_simulation_files) by extension 'ros'
[0.349s] Level 1:colcon.colcon_core.package_identification:_identify(rrbot_simulation_files) by extensions ['cmake', 'python']
[0.349s] Level 1:colcon.colcon_core.package_identification:_identify(rrbot_simulation_files) by extension 'cmake'
[0.349s] Level 1:colcon.colcon_core.package_identification:_identify(rrbot_simulation_files) by extension 'python'
[0.349s] Level 1:colcon.colcon_core.package_identification:_identify(rrbot_simulation_files) by extensions ['python_setup_py']
[0.349s] Level 1:colcon.colcon_core.package_identification:_identify(rrbot_simulation_files) by extension 'python_setup_py'
[0.349s] Level 1:colcon.colcon_core.package_identification:_identify(rrbot_simulation_files/__MACOSX) by extensions ['ignore', 'ignore_ament_install']
[0.349s] Level 1:colcon.colcon_core.package_identification:_identify(rrbot_simulation_files/__MACOSX) by extension 'ignore'
[0.349s] Level 1:colcon.colcon_core.package_identification:_identify(rrbot_simulation_files/__MACOSX) by extension 'ignore_ament_install'
[0.349s] Level 1:colcon.colcon_core.package_identification:_identify(rrbot_simulation_files/__MACOSX) by extensions ['colcon_pkg']
[0.349s] Level 1:colcon.colcon_core.package_identification:_identify(rrbot_simulation_files/__MACOSX) by extension 'colcon_pkg'
[0.350s] Level 1:colcon.colcon_core.package_identification:_identify(rrbot_simulation_files/__MACOSX) by extensions ['colcon_meta']
[0.350s] Level 1:colcon.colcon_core.package_identification:_identify(rrbot_simulation_files/__MACOSX) by extension 'colcon_meta'
[0.350s] Level 1:colcon.colcon_core.package_identification:_identify(rrbot_simulation_files/__MACOSX) by extensions ['ros']
[0.350s] Level 1:colcon.colcon_core.package_identification:_identify(rrbot_simulation_files/__MACOSX) by extension 'ros'
[0.350s] Level 1:colcon.colcon_core.package_identification:_identify(rrbot_simulation_files/__MACOSX) by extensions ['cmake', 'python']
[0.350s] Level 1:colcon.colcon_core.package_identification:_identify(rrbot_simulation_files/__MACOSX) by extension 'cmake'
[0.350s] Level 1:colcon.colcon_core.package_identification:_identify(rrbot_simulation_files/__MACOSX) by extension 'python'
[0.350s] Level 1:colcon.colcon_core.package_identification:_identify(rrbot_simulation_files/__MACOSX) by extensions ['python_setup_py']
[0.350s] Level 1:colcon.colcon_core.package_identification:_identify(rrbot_simulation_files/__MACOSX) by extension 'python_setup_py'
[0.350s] Level 1:colcon.colcon_core.package_identification:_identify(rrbot_simulation_files/__MACOSX/rrbot_simulation_files) by extensions ['ignore', 'ignore_ament_install']
[0.350s] Level 1:colcon.colcon_core.package_identification:_identify(rrbot_simulation_files/__MACOSX/rrbot_simulation_files) by extension 'ignore'
[0.350s] Level 1:colcon.colcon_core.package_identification:_identify(rrbot_simulation_files/__MACOSX/rrbot_simulation_files) by extension 'ignore_ament_install'
[0.350s] Level 1:colcon.colcon_core.package_identification:_identify(rrbot_simulation_files/__MACOSX/rrbot_simulation_files) by extensions ['colcon_pkg']
[0.350s] Level 1:colcon.colcon_core.package_identification:_identify(rrbot_simulation_files/__MACOSX/rrbot_simulation_files) by extension 'colcon_pkg'
[0.350s] Level 1:colcon.colcon_core.package_identification:_identify(rrbot_simulation_files/__MACOSX/rrbot_simulation_files) by extensions ['colcon_meta']
[0.350s] Level 1:colcon.colcon_core.package_identification:_identify(rrbot_simulation_files/__MACOSX/rrbot_simulation_files) by extension 'colcon_meta'
[0.350s] Level 1:colcon.colcon_core.package_identification:_identify(rrbot_simulation_files/__MACOSX/rrbot_simulation_files) by extensions ['ros']
[0.350s] Level 1:colcon.colcon_core.package_identification:_identify(rrbot_simulation_files/__MACOSX/rrbot_simulation_files) by extension 'ros'
[0.350s] Level 1:colcon.colcon_core.package_identification:_identify(rrbot_simulation_files/__MACOSX/rrbot_simulation_files) by extensions ['cmake', 'python']
[0.351s] Level 1:colcon.colcon_core.package_identification:_identify(rrbot_simulation_files/__MACOSX/rrbot_simulation_files) by extension 'cmake'
[0.351s] Level 1:colcon.colcon_core.package_identification:_identify(rrbot_simulation_files/__MACOSX/rrbot_simulation_files) by extension 'python'
[0.351s] Level 1:colcon.colcon_core.package_identification:_identify(rrbot_simulation_files/__MACOSX/rrbot_simulation_files) by extensions ['python_setup_py']
[0.351s] Level 1:colcon.colcon_core.package_identification:_identify(rrbot_simulation_files/__MACOSX/rrbot_simulation_files) by extension 'python_setup_py'
[0.351s] Level 1:colcon.colcon_core.package_identification:_identify(rrbot_simulation_files/__MACOSX/rrbot_simulation_files/rrbot_description) by extensions ['ignore', 'ignore_ament_install']
[0.351s] Level 1:colcon.colcon_core.package_identification:_identify(rrbot_simulation_files/__MACOSX/rrbot_simulation_files/rrbot_description) by extension 'ignore'
[0.351s] Level 1:colcon.colcon_core.package_identification:_identify(rrbot_simulation_files/__MACOSX/rrbot_simulation_files/rrbot_description) by extension 'ignore_ament_install'
[0.351s] Level 1:colcon.colcon_core.package_identification:_identify(rrbot_simulation_files/__MACOSX/rrbot_simulation_files/rrbot_description) by extensions ['colcon_pkg']
[0.351s] Level 1:colcon.colcon_core.package_identification:_identify(rrbot_simulation_files/__MACOSX/rrbot_simulation_files/rrbot_description) by extension 'colcon_pkg'
[0.351s] Level 1:colcon.colcon_core.package_identification:_identify(rrbot_simulation_files/__MACOSX/rrbot_simulation_files/rrbot_description) by extensions ['colcon_meta']
[0.351s] Level 1:colcon.colcon_core.package_identification:_identify(rrbot_simulation_files/__MACOSX/rrbot_simulation_files/rrbot_description) by extension 'colcon_meta'
[0.351s] Level 1:colcon.colcon_core.package_identification:_identify(rrbot_simulation_files/__MACOSX/rrbot_simulation_files/rrbot_description) by extensions ['ros']
[0.351s] Level 1:colcon.colcon_core.package_identification:_identify(rrbot_simulation_files/__MACOSX/rrbot_simulation_files/rrbot_description) by extension 'ros'
[0.351s] Level 1:colcon.colcon_core.package_identification:_identify(rrbot_simulation_files/__MACOSX/rrbot_simulation_files/rrbot_description) by extensions ['cmake', 'python']
[0.351s] Level 1:colcon.colcon_core.package_identification:_identify(rrbot_simulation_files/__MACOSX/rrbot_simulation_files/rrbot_description) by extension 'cmake'
[0.351s] Level 1:colcon.colcon_core.package_identification:_identify(rrbot_simulation_files/__MACOSX/rrbot_simulation_files/rrbot_description) by extension 'python'
[0.351s] Level 1:colcon.colcon_core.package_identification:_identify(rrbot_simulation_files/__MACOSX/rrbot_simulation_files/rrbot_description) by extensions ['python_setup_py']
[0.351s] Level 1:colcon.colcon_core.package_identification:_identify(rrbot_simulation_files/__MACOSX/rrbot_simulation_files/rrbot_description) by extension 'python_setup_py'
[0.352s] Level 1:colcon.colcon_core.package_identification:_identify(rrbot_simulation_files/__MACOSX/rrbot_simulation_files/rrbot_description/config) by extensions ['ignore', 'ignore_ament_install']
[0.352s] Level 1:colcon.colcon_core.package_identification:_identify(rrbot_simulation_files/__MACOSX/rrbot_simulation_files/rrbot_description/config) by extension 'ignore'
[0.352s] Level 1:colcon.colcon_core.package_identification:_identify(rrbot_simulation_files/__MACOSX/rrbot_simulation_files/rrbot_description/config) by extension 'ignore_ament_install'
[0.352s] Level 1:colcon.colcon_core.package_identification:_identify(rrbot_simulation_files/__MACOSX/rrbot_simulation_files/rrbot_description/config) by extensions ['colcon_pkg']
[0.352s] Level 1:colcon.colcon_core.package_identification:_identify(rrbot_simulation_files/__MACOSX/rrbot_simulation_files/rrbot_description/config) by extension 'colcon_pkg'
[0.352s] Level 1:colcon.colcon_core.package_identification:_identify(rrbot_simulation_files/__MACOSX/rrbot_simulation_files/rrbot_description/config) by extensions ['colcon_meta']
[0.352s] Level 1:colcon.colcon_core.package_identification:_identify(rrbot_simulation_files/__MACOSX/rrbot_simulation_files/rrbot_description/config) by extension 'colcon_meta'
[0.352s] Level 1:colcon.colcon_core.package_identification:_identify(rrbot_simulation_files/__MACOSX/rrbot_simulation_files/rrbot_description/config) by extensions ['ros']
[0.352s] Level 1:colcon.colcon_core.package_identification:_identify(rrbot_simulation_files/__MACOSX/rrbot_simulation_files/rrbot_description/config) by extension 'ros'
[0.352s] Level 1:colcon.colcon_core.package_identification:_identify(rrbot_simulation_files/__MACOSX/rrbot_simulation_files/rrbot_description/config) by extensions ['cmake', 'python']
[0.352s] Level 1:colcon.colcon_core.package_identification:_identify(rrbot_simulation_files/__MACOSX/rrbot_simulation_files/rrbot_description/config) by extension 'cmake'
[0.352s] Level 1:colcon.colcon_core.package_identification:_identify(rrbot_simulation_files/__MACOSX/rrbot_simulation_files/rrbot_description/config) by extension 'python'
[0.352s] Level 1:colcon.colcon_core.package_identification:_identify(rrbot_simulation_files/__MACOSX/rrbot_simulation_files/rrbot_description/config) by extensions ['python_setup_py']
[0.352s] Level 1:colcon.colcon_core.package_identification:_identify(rrbot_simulation_files/__MACOSX/rrbot_simulation_files/rrbot_description/config) by extension 'python_setup_py'
[0.352s] Level 1:colcon.colcon_core.package_identification:_identify(rrbot_simulation_files/__MACOSX/rrbot_simulation_files/rrbot_description/env-hooks) by extensions ['ignore', 'ignore_ament_install']
[0.352s] Level 1:colcon.colcon_core.package_identification:_identify(rrbot_simulation_files/__MACOSX/rrbot_simulation_files/rrbot_description/env-hooks) by extension 'ignore'
[0.353s] Level 1:colcon.colcon_core.package_identification:_identify(rrbot_simulation_files/__MACOSX/rrbot_simulation_files/rrbot_description/env-hooks) by extension 'ignore_ament_install'
[0.353s] Level 1:colcon.colcon_core.package_identification:_identify(rrbot_simulation_files/__MACOSX/rrbot_simulation_files/rrbot_description/env-hooks) by extensions ['colcon_pkg']
[0.353s] Level 1:colcon.colcon_core.package_identification:_identify(rrbot_simulation_files/__MACOSX/rrbot_simulation_files/rrbot_description/env-hooks) by extension 'colcon_pkg'
[0.353s] Level 1:colcon.colcon_core.package_identification:_identify(rrbot_simulation_files/__MACOSX/rrbot_simulation_files/rrbot_description/env-hooks) by extensions ['colcon_meta']
[0.353s] Level 1:colcon.colcon_core.package_identification:_identify(rrbot_simulation_files/__MACOSX/rrbot_simulation_files/rrbot_description/env-hooks) by extension 'colcon_meta'
[0.353s] Level 1:colcon.colcon_core.package_identification:_identify(rrbot_simulation_files/__MACOSX/rrbot_simulation_files/rrbot_description/env-hooks) by extensions ['ros']
[0.353s] Level 1:colcon.colcon_core.package_identification:_identify(rrbot_simulation_files/__MACOSX/rrbot_simulation_files/rrbot_description/env-hooks) by extension 'ros'
[0.353s] Level 1:colcon.colcon_core.package_identification:_identify(rrbot_simulation_files/__MACOSX/rrbot_simulation_files/rrbot_description/env-hooks) by extensions ['cmake', 'python']
[0.353s] Level 1:colcon.colcon_core.package_identification:_identify(rrbot_simulation_files/__MACOSX/rrbot_simulation_files/rrbot_description/env-hooks) by extension 'cmake'
[0.353s] Level 1:colcon.colcon_core.package_identification:_identify(rrbot_simulation_files/__MACOSX/rrbot_simulation_files/rrbot_description/env-hooks) by extension 'python'
[0.353s] Level 1:colcon.colcon_core.package_identification:_identify(rrbot_simulation_files/__MACOSX/rrbot_simulation_files/rrbot_description/env-hooks) by extensions ['python_setup_py']
[0.353s] Level 1:colcon.colcon_core.package_identification:_identify(rrbot_simulation_files/__MACOSX/rrbot_simulation_files/rrbot_description/env-hooks) by extension 'python_setup_py'
[0.353s] Level 1:colcon.colcon_core.package_identification:_identify(rrbot_simulation_files/__MACOSX/rrbot_simulation_files/rrbot_description/gazebo) by extensions ['ignore', 'ignore_ament_install']
[0.353s] Level 1:colcon.colcon_core.package_identification:_identify(rrbot_simulation_files/__MACOSX/rrbot_simulation_files/rrbot_description/gazebo) by extension 'ignore'
[0.353s] Level 1:colcon.colcon_core.package_identification:_identify(rrbot_simulation_files/__MACOSX/rrbot_simulation_files/rrbot_description/gazebo) by extension 'ignore_ament_install'
[0.353s] Level 1:colcon.colcon_core.package_identification:_identify(rrbot_simulation_files/__MACOSX/rrbot_simulation_files/rrbot_description/gazebo) by extensions ['colcon_pkg']
[0.353s] Level 1:colcon.colcon_core.package_identification:_identify(rrbot_simulation_files/__MACOSX/rrbot_simulation_files/rrbot_description/gazebo) by extension 'colcon_pkg'
[0.353s] Level 1:colcon.colcon_core.package_identification:_identify(rrbot_simulation_files/__MACOSX/rrbot_simulation_files/rrbot_description/gazebo) by extensions ['colcon_meta']
[0.354s] Level 1:colcon.colcon_core.package_identification:_identify(rrbot_simulation_files/__MACOSX/rrbot_simulation_files/rrbot_description/gazebo) by extension 'colcon_meta'
[0.354s] Level 1:colcon.colcon_core.package_identification:_identify(rrbot_simulation_files/__MACOSX/rrbot_simulation_files/rrbot_description/gazebo) by extensions ['ros']
[0.354s] Level 1:colcon.colcon_core.package_identification:_identify(rrbot_simulation_files/__MACOSX/rrbot_simulation_files/rrbot_description/gazebo) by extension 'ros'
[0.354s] Level 1:colcon.colcon_core.package_identification:_identify(rrbot_simulation_files/__MACOSX/rrbot_simulation_files/rrbot_description/gazebo) by extensions ['cmake', 'python']
[0.354s] Level 1:colcon.colcon_core.package_identification:_identify(rrbot_simulation_files/__MACOSX/rrbot_simulation_files/rrbot_description/gazebo) by extension 'cmake'
[0.354s] Level 1:colcon.colcon_core.package_identification:_identify(rrbot_simulation_files/__MACOSX/rrbot_simulation_files/rrbot_description/gazebo) by extension 'python'
[0.354s] Level 1:colcon.colcon_core.package_identification:_identify(rrbot_simulation_files/__MACOSX/rrbot_simulation_files/rrbot_description/gazebo) by extensions ['python_setup_py']
[0.354s] Level 1:colcon.colcon_core.package_identification:_identify(rrbot_simulation_files/__MACOSX/rrbot_simulation_files/rrbot_description/gazebo) by extension 'python_setup_py'
[0.354s] Level 1:colcon.colcon_core.package_identification:_identify(rrbot_simulation_files/__MACOSX/rrbot_simulation_files/rrbot_description/launch) by extensions ['ignore', 'ignore_ament_install']
[0.354s] Level 1:colcon.colcon_core.package_identification:_identify(rrbot_simulation_files/__MACOSX/rrbot_simulation_files/rrbot_description/launch) by extension 'ignore'
[0.354s] Level 1:colcon.colcon_core.package_identification:_identify(rrbot_simulation_files/__MACOSX/rrbot_simulation_files/rrbot_description/launch) by extension 'ignore_ament_install'
[0.354s] Level 1:colcon.colcon_core.package_identification:_identify(rrbot_simulation_files/__MACOSX/rrbot_simulation_files/rrbot_description/launch) by extensions ['colcon_pkg']
[0.354s] Level 1:colcon.colcon_core.package_identification:_identify(rrbot_simulation_files/__MACOSX/rrbot_simulation_files/rrbot_description/launch) by extension 'colcon_pkg'
[0.354s] Level 1:colcon.colcon_core.package_identification:_identify(rrbot_simulation_files/__MACOSX/rrbot_simulation_files/rrbot_description/launch) by extensions ['colcon_meta']
[0.354s] Level 1:colcon.colcon_core.package_identification:_identify(rrbot_simulation_files/__MACOSX/rrbot_simulation_files/rrbot_description/launch) by extension 'colcon_meta'
[0.354s] Level 1:colcon.colcon_core.package_identification:_identify(rrbot_simulation_files/__MACOSX/rrbot_simulation_files/rrbot_description/launch) by extensions ['ros']
[0.354s] Level 1:colcon.colcon_core.package_identification:_identify(rrbot_simulation_files/__MACOSX/rrbot_simulation_files/rrbot_description/launch) by extension 'ros'
[0.355s] Level 1:colcon.colcon_core.package_identification:_identify(rrbot_simulation_files/__MACOSX/rrbot_simulation_files/rrbot_description/launch) by extensions ['cmake', 'python']
[0.355s] Level 1:colcon.colcon_core.package_identification:_identify(rrbot_simulation_files/__MACOSX/rrbot_simulation_files/rrbot_description/launch) by extension 'cmake'
[0.355s] Level 1:colcon.colcon_core.package_identification:_identify(rrbot_simulation_files/__MACOSX/rrbot_simulation_files/rrbot_description/launch) by extension 'python'
[0.355s] Level 1:colcon.colcon_core.package_identification:_identify(rrbot_simulation_files/__MACOSX/rrbot_simulation_files/rrbot_description/launch) by extensions ['python_setup_py']
[0.355s] Level 1:colcon.colcon_core.package_identification:_identify(rrbot_simulation_files/__MACOSX/rrbot_simulation_files/rrbot_description/launch) by extension 'python_setup_py'
[0.355s] Level 1:colcon.colcon_core.package_identification:_identify(rrbot_simulation_files/__MACOSX/rrbot_simulation_files/rrbot_description/meshes) by extensions ['ignore', 'ignore_ament_install']
[0.355s] Level 1:colcon.colcon_core.package_identification:_identify(rrbot_simulation_files/__MACOSX/rrbot_simulation_files/rrbot_description/meshes) by extension 'ignore'
[0.355s] Level 1:colcon.colcon_core.package_identification:_identify(rrbot_simulation_files/__MACOSX/rrbot_simulation_files/rrbot_description/meshes) by extension 'ignore_ament_install'
[0.355s] Level 1:colcon.colcon_core.package_identification:_identify(rrbot_simulation_files/__MACOSX/rrbot_simulation_files/rrbot_description/meshes) by extensions ['colcon_pkg']
[0.355s] Level 1:colcon.colcon_core.package_identification:_identify(rrbot_simulation_files/__MACOSX/rrbot_simulation_files/rrbot_description/meshes) by extension 'colcon_pkg'
[0.355s] Level 1:colcon.colcon_core.package_identification:_identify(rrbot_simulation_files/__MACOSX/rrbot_simulation_files/rrbot_description/meshes) by extensions ['colcon_meta']
[0.355s] Level 1:colcon.colcon_core.package_identification:_identify(rrbot_simulation_files/__MACOSX/rrbot_simulation_files/rrbot_description/meshes) by extension 'colcon_meta'
[0.355s] Level 1:colcon.colcon_core.package_identification:_identify(rrbot_simulation_files/__MACOSX/rrbot_simulation_files/rrbot_description/meshes) by extensions ['ros']
[0.355s] Level 1:colcon.colcon_core.package_identification:_identify(rrbot_simulation_files/__MACOSX/rrbot_simulation_files/rrbot_description/meshes) by extension 'ros'
[0.355s] Level 1:colcon.colcon_core.package_identification:_identify(rrbot_simulation_files/__MACOSX/rrbot_simulation_files/rrbot_description/meshes) by extensions ['cmake', 'python']
[0.355s] Level 1:colcon.colcon_core.package_identification:_identify(rrbot_simulation_files/__MACOSX/rrbot_simulation_files/rrbot_description/meshes) by extension 'cmake'
[0.355s] Level 1:colcon.colcon_core.package_identification:_identify(rrbot_simulation_files/__MACOSX/rrbot_simulation_files/rrbot_description/meshes) by extension 'python'
[0.355s] Level 1:colcon.colcon_core.package_identification:_identify(rrbot_simulation_files/__MACOSX/rrbot_simulation_files/rrbot_description/meshes) by extensions ['python_setup_py']
[0.355s] Level 1:colcon.colcon_core.package_identification:_identify(rrbot_simulation_files/__MACOSX/rrbot_simulation_files/rrbot_description/meshes) by extension 'python_setup_py'
[0.356s] Level 1:colcon.colcon_core.package_identification:_identify(rrbot_simulation_files/__MACOSX/rrbot_simulation_files/rrbot_description/ros2_control) by extensions ['ignore', 'ignore_ament_install']
[0.356s] Level 1:colcon.colcon_core.package_identification:_identify(rrbot_simulation_files/__MACOSX/rrbot_simulation_files/rrbot_description/ros2_control) by extension 'ignore'
[0.356s] Level 1:colcon.colcon_core.package_identification:_identify(rrbot_simulation_files/__MACOSX/rrbot_simulation_files/rrbot_description/ros2_control) by extension 'ignore_ament_install'
[0.356s] Level 1:colcon.colcon_core.package_identification:_identify(rrbot_simulation_files/__MACOSX/rrbot_simulation_files/rrbot_description/ros2_control) by extensions ['colcon_pkg']
[0.356s] Level 1:colcon.colcon_core.package_identification:_identify(rrbot_simulation_files/__MACOSX/rrbot_simulation_files/rrbot_description/ros2_control) by extension 'colcon_pkg'
[0.356s] Level 1:colcon.colcon_core.package_identification:_identify(rrbot_simulation_files/__MACOSX/rrbot_simulation_files/rrbot_description/ros2_control) by extensions ['colcon_meta']
[0.356s] Level 1:colcon.colcon_core.package_identification:_identify(rrbot_simulation_files/__MACOSX/rrbot_simulation_files/rrbot_description/ros2_control) by extension 'colcon_meta'
[0.356s] Level 1:colcon.colcon_core.package_identification:_identify(rrbot_simulation_files/__MACOSX/rrbot_simulation_files/rrbot_description/ros2_control) by extensions ['ros']
[0.356s] Level 1:colcon.colcon_core.package_identification:_identify(rrbot_simulation_files/__MACOSX/rrbot_simulation_files/rrbot_description/ros2_control) by extension 'ros'
[0.356s] Level 1:colcon.colcon_core.package_identification:_identify(rrbot_simulation_files/__MACOSX/rrbot_simulation_files/rrbot_description/ros2_control) by extensions ['cmake', 'python']
[0.356s] Level 1:colcon.colcon_core.package_identification:_identify(rrbot_simulation_files/__MACOSX/rrbot_simulation_files/rrbot_description/ros2_control) by extension 'cmake'
[0.356s] Level 1:colcon.colcon_core.package_identification:_identify(rrbot_simulation_files/__MACOSX/rrbot_simulation_files/rrbot_description/ros2_control) by extension 'python'
[0.356s] Level 1:colcon.colcon_core.package_identification:_identify(rrbot_simulation_files/__MACOSX/rrbot_simulation_files/rrbot_description/ros2_control) by extensions ['python_setup_py']
[0.356s] Level 1:colcon.colcon_core.package_identification:_identify(rrbot_simulation_files/__MACOSX/rrbot_simulation_files/rrbot_description/ros2_control) by extension 'python_setup_py'
[0.356s] Level 1:colcon.colcon_core.package_identification:_identify(rrbot_simulation_files/__MACOSX/rrbot_simulation_files/rrbot_description/urdf) by extensions ['ignore', 'ignore_ament_install']
[0.357s] Level 1:colcon.colcon_core.package_identification:_identify(rrbot_simulation_files/__MACOSX/rrbot_simulation_files/rrbot_description/urdf) by extension 'ignore'
[0.357s] Level 1:colcon.colcon_core.package_identification:_identify(rrbot_simulation_files/__MACOSX/rrbot_simulation_files/rrbot_description/urdf) by extension 'ignore_ament_install'
[0.357s] Level 1:colcon.colcon_core.package_identification:_identify(rrbot_simulation_files/__MACOSX/rrbot_simulation_files/rrbot_description/urdf) by extensions ['colcon_pkg']
[0.357s] Level 1:colcon.colcon_core.package_identification:_identify(rrbot_simulation_files/__MACOSX/rrbot_simulation_files/rrbot_description/urdf) by extension 'colcon_pkg'
[0.357s] Level 1:colcon.colcon_core.package_identification:_identify(rrbot_simulation_files/__MACOSX/rrbot_simulation_files/rrbot_description/urdf) by extensions ['colcon_meta']
[0.357s] Level 1:colcon.colcon_core.package_identification:_identify(rrbot_simulation_files/__MACOSX/rrbot_simulation_files/rrbot_description/urdf) by extension 'colcon_meta'
[0.357s] Level 1:colcon.colcon_core.package_identification:_identify(rrbot_simulation_files/__MACOSX/rrbot_simulation_files/rrbot_description/urdf) by extensions ['ros']
[0.357s] Level 1:colcon.colcon_core.package_identification:_identify(rrbot_simulation_files/__MACOSX/rrbot_simulation_files/rrbot_description/urdf) by extension 'ros'
[0.357s] Level 1:colcon.colcon_core.package_identification:_identify(rrbot_simulation_files/__MACOSX/rrbot_simulation_files/rrbot_description/urdf) by extensions ['cmake', 'python']
[0.357s] Level 1:colcon.colcon_core.package_identification:_identify(rrbot_simulation_files/__MACOSX/rrbot_simulation_files/rrbot_description/urdf) by extension 'cmake'
[0.357s] Level 1:colcon.colcon_core.package_identification:_identify(rrbot_simulation_files/__MACOSX/rrbot_simulation_files/rrbot_description/urdf) by extension 'python'
[0.357s] Level 1:colcon.colcon_core.package_identification:_identify(rrbot_simulation_files/__MACOSX/rrbot_simulation_files/rrbot_description/urdf) by extensions ['python_setup_py']
[0.357s] Level 1:colcon.colcon_core.package_identification:_identify(rrbot_simulation_files/__MACOSX/rrbot_simulation_files/rrbot_description/urdf) by extension 'python_setup_py'
[0.357s] Level 1:colcon.colcon_core.package_identification:_identify(rrbot_simulation_files/__MACOSX/rrbot_simulation_files/rrbot_gazebo) by extensions ['ignore', 'ignore_ament_install']
[0.357s] Level 1:colcon.colcon_core.package_identification:_identify(rrbot_simulation_files/__MACOSX/rrbot_simulation_files/rrbot_gazebo) by extension 'ignore'
[0.357s] Level 1:colcon.colcon_core.package_identification:_identify(rrbot_simulation_files/__MACOSX/rrbot_simulation_files/rrbot_gazebo) by extension 'ignore_ament_install'
[0.357s] Level 1:colcon.colcon_core.package_identification:_identify(rrbot_simulation_files/__MACOSX/rrbot_simulation_files/rrbot_gazebo) by extensions ['colcon_pkg']
[0.357s] Level 1:colcon.colcon_core.package_identification:_identify(rrbot_simulation_files/__MACOSX/rrbot_simulation_files/rrbot_gazebo) by extension 'colcon_pkg'
[0.358s] Level 1:colcon.colcon_core.package_identification:_identify(rrbot_simulation_files/__MACOSX/rrbot_simulation_files/rrbot_gazebo) by extensions ['colcon_meta']
[0.358s] Level 1:colcon.colcon_core.package_identification:_identify(rrbot_simulation_files/__MACOSX/rrbot_simulation_files/rrbot_gazebo) by extension 'colcon_meta'
[0.358s] Level 1:colcon.colcon_core.package_identification:_identify(rrbot_simulation_files/__MACOSX/rrbot_simulation_files/rrbot_gazebo) by extensions ['ros']
[0.358s] Level 1:colcon.colcon_core.package_identification:_identify(rrbot_simulation_files/__MACOSX/rrbot_simulation_files/rrbot_gazebo) by extension 'ros'
[0.358s] Level 1:colcon.colcon_core.package_identification:_identify(rrbot_simulation_files/__MACOSX/rrbot_simulation_files/rrbot_gazebo) by extensions ['cmake', 'python']
[0.358s] Level 1:colcon.colcon_core.package_identification:_identify(rrbot_simulation_files/__MACOSX/rrbot_simulation_files/rrbot_gazebo) by extension 'cmake'
[0.358s] Level 1:colcon.colcon_core.package_identification:_identify(rrbot_simulation_files/__MACOSX/rrbot_simulation_files/rrbot_gazebo) by extension 'python'
[0.358s] Level 1:colcon.colcon_core.package_identification:_identify(rrbot_simulation_files/__MACOSX/rrbot_simulation_files/rrbot_gazebo) by extensions ['python_setup_py']
[0.358s] Level 1:colcon.colcon_core.package_identification:_identify(rrbot_simulation_files/__MACOSX/rrbot_simulation_files/rrbot_gazebo) by extension 'python_setup_py'
[0.358s] Level 1:colcon.colcon_core.package_identification:_identify(rrbot_simulation_files/__MACOSX/rrbot_simulation_files/rrbot_gazebo/config) by extensions ['ignore', 'ignore_ament_install']
[0.358s] Level 1:colcon.colcon_core.package_identification:_identify(rrbot_simulation_files/__MACOSX/rrbot_simulation_files/rrbot_gazebo/config) by extension 'ignore'
[0.358s] Level 1:colcon.colcon_core.package_identification:_identify(rrbot_simulation_files/__MACOSX/rrbot_simulation_files/rrbot_gazebo/config) by extension 'ignore_ament_install'
[0.358s] Level 1:colcon.colcon_core.package_identification:_identify(rrbot_simulation_files/__MACOSX/rrbot_simulation_files/rrbot_gazebo/config) by extensions ['colcon_pkg']
[0.358s] Level 1:colcon.colcon_core.package_identification:_identify(rrbot_simulation_files/__MACOSX/rrbot_simulation_files/rrbot_gazebo/config) by extension 'colcon_pkg'
[0.358s] Level 1:colcon.colcon_core.package_identification:_identify(rrbot_simulation_files/__MACOSX/rrbot_simulation_files/rrbot_gazebo/config) by extensions ['colcon_meta']
[0.358s] Level 1:colcon.colcon_core.package_identification:_identify(rrbot_simulation_files/__MACOSX/rrbot_simulation_files/rrbot_gazebo/config) by extension 'colcon_meta'
[0.358s] Level 1:colcon.colcon_core.package_identification:_identify(rrbot_simulation_files/__MACOSX/rrbot_simulation_files/rrbot_gazebo/config) by extensions ['ros']
[0.358s] Level 1:colcon.colcon_core.package_identification:_identify(rrbot_simulation_files/__MACOSX/rrbot_simulation_files/rrbot_gazebo/config) by extension 'ros'
[0.359s] Level 1:colcon.colcon_core.package_identification:_identify(rrbot_simulation_files/__MACOSX/rrbot_simulation_files/rrbot_gazebo/config) by extensions ['cmake', 'python']
[0.359s] Level 1:colcon.colcon_core.package_identification:_identify(rrbot_simulation_files/__MACOSX/rrbot_simulation_files/rrbot_gazebo/config) by extension 'cmake'
[0.359s] Level 1:colcon.colcon_core.package_identification:_identify(rrbot_simulation_files/__MACOSX/rrbot_simulation_files/rrbot_gazebo/config) by extension 'python'
[0.359s] Level 1:colcon.colcon_core.package_identification:_identify(rrbot_simulation_files/__MACOSX/rrbot_simulation_files/rrbot_gazebo/config) by extensions ['python_setup_py']
[0.359s] Level 1:colcon.colcon_core.package_identification:_identify(rrbot_simulation_files/__MACOSX/rrbot_simulation_files/rrbot_gazebo/config) by extension 'python_setup_py'
[0.359s] Level 1:colcon.colcon_core.package_identification:_identify(rrbot_simulation_files/__MACOSX/rrbot_simulation_files/rrbot_gazebo/launch) by extensions ['ignore', 'ignore_ament_install']
[0.359s] Level 1:colcon.colcon_core.package_identification:_identify(rrbot_simulation_files/__MACOSX/rrbot_simulation_files/rrbot_gazebo/launch) by extension 'ignore'
[0.359s] Level 1:colcon.colcon_core.package_identification:_identify(rrbot_simulation_files/__MACOSX/rrbot_simulation_files/rrbot_gazebo/launch) by extension 'ignore_ament_install'
[0.359s] Level 1:colcon.colcon_core.package_identification:_identify(rrbot_simulation_files/__MACOSX/rrbot_simulation_files/rrbot_gazebo/launch) by extensions ['colcon_pkg']
[0.359s] Level 1:colcon.colcon_core.package_identification:_identify(rrbot_simulation_files/__MACOSX/rrbot_simulation_files/rrbot_gazebo/launch) by extension 'colcon_pkg'
[0.359s] Level 1:colcon.colcon_core.package_identification:_identify(rrbot_simulation_files/__MACOSX/rrbot_simulation_files/rrbot_gazebo/launch) by extensions ['colcon_meta']
[0.359s] Level 1:colcon.colcon_core.package_identification:_identify(rrbot_simulation_files/__MACOSX/rrbot_simulation_files/rrbot_gazebo/launch) by extension 'colcon_meta'
[0.359s] Level 1:colcon.colcon_core.package_identification:_identify(rrbot_simulation_files/__MACOSX/rrbot_simulation_files/rrbot_gazebo/launch) by extensions ['ros']
[0.359s] Level 1:colcon.colcon_core.package_identification:_identify(rrbot_simulation_files/__MACOSX/rrbot_simulation_files/rrbot_gazebo/launch) by extension 'ros'
[0.359s] Level 1:colcon.colcon_core.package_identification:_identify(rrbot_simulation_files/__MACOSX/rrbot_simulation_files/rrbot_gazebo/launch) by extensions ['cmake', 'python']
[0.359s] Level 1:colcon.colcon_core.package_identification:_identify(rrbot_simulation_files/__MACOSX/rrbot_simulation_files/rrbot_gazebo/launch) by extension 'cmake'
[0.359s] Level 1:colcon.colcon_core.package_identification:_identify(rrbot_simulation_files/__MACOSX/rrbot_simulation_files/rrbot_gazebo/launch) by extension 'python'
[0.359s] Level 1:colcon.colcon_core.package_identification:_identify(rrbot_simulation_files/__MACOSX/rrbot_simulation_files/rrbot_gazebo/launch) by extensions ['python_setup_py']
[0.359s] Level 1:colcon.colcon_core.package_identification:_identify(rrbot_simulation_files/__MACOSX/rrbot_simulation_files/rrbot_gazebo/launch) by extension 'python_setup_py'
[0.360s] Level 1:colcon.colcon_core.package_identification:_identify(rrbot_simulation_files/__MACOSX/rrbot_simulation_files/rrbot_gazebo/src) by extensions ['ignore', 'ignore_ament_install']
[0.360s] Level 1:colcon.colcon_core.package_identification:_identify(rrbot_simulation_files/__MACOSX/rrbot_simulation_files/rrbot_gazebo/src) by extension 'ignore'
[0.360s] Level 1:colcon.colcon_core.package_identification:_identify(rrbot_simulation_files/__MACOSX/rrbot_simulation_files/rrbot_gazebo/src) by extension 'ignore_ament_install'
[0.360s] Level 1:colcon.colcon_core.package_identification:_identify(rrbot_simulation_files/__MACOSX/rrbot_simulation_files/rrbot_gazebo/src) by extensions ['colcon_pkg']
[0.360s] Level 1:colcon.colcon_core.package_identification:_identify(rrbot_simulation_files/__MACOSX/rrbot_simulation_files/rrbot_gazebo/src) by extension 'colcon_pkg'
[0.360s] Level 1:colcon.colcon_core.package_identification:_identify(rrbot_simulation_files/__MACOSX/rrbot_simulation_files/rrbot_gazebo/src) by extensions ['colcon_meta']
[0.360s] Level 1:colcon.colcon_core.package_identification:_identify(rrbot_simulation_files/__MACOSX/rrbot_simulation_files/rrbot_gazebo/src) by extension 'colcon_meta'
[0.360s] Level 1:colcon.colcon_core.package_identification:_identify(rrbot_simulation_files/__MACOSX/rrbot_simulation_files/rrbot_gazebo/src) by extensions ['ros']
[0.360s] Level 1:colcon.colcon_core.package_identification:_identify(rrbot_simulation_files/__MACOSX/rrbot_simulation_files/rrbot_gazebo/src) by extension 'ros'
[0.360s] Level 1:colcon.colcon_core.package_identification:_identify(rrbot_simulation_files/__MACOSX/rrbot_simulation_files/rrbot_gazebo/src) by extensions ['cmake', 'python']
[0.360s] Level 1:colcon.colcon_core.package_identification:_identify(rrbot_simulation_files/__MACOSX/rrbot_simulation_files/rrbot_gazebo/src) by extension 'cmake'
[0.360s] Level 1:colcon.colcon_core.package_identification:_identify(rrbot_simulation_files/__MACOSX/rrbot_simulation_files/rrbot_gazebo/src) by extension 'python'
[0.360s] Level 1:colcon.colcon_core.package_identification:_identify(rrbot_simulation_files/__MACOSX/rrbot_simulation_files/rrbot_gazebo/src) by extensions ['python_setup_py']
[0.360s] Level 1:colcon.colcon_core.package_identification:_identify(rrbot_simulation_files/__MACOSX/rrbot_simulation_files/rrbot_gazebo/src) by extension 'python_setup_py'
[0.360s] Level 1:colcon.colcon_core.package_identification:_identify(rrbot_simulation_files/__MACOSX/rrbot_simulation_files/rrbot_gazebo/worlds) by extensions ['ignore', 'ignore_ament_install']
[0.361s] Level 1:colcon.colcon_core.package_identification:_identify(rrbot_simulation_files/__MACOSX/rrbot_simulation_files/rrbot_gazebo/worlds) by extension 'ignore'
[0.361s] Level 1:colcon.colcon_core.package_identification:_identify(rrbot_simulation_files/__MACOSX/rrbot_simulation_files/rrbot_gazebo/worlds) by extension 'ignore_ament_install'
[0.361s] Level 1:colcon.colcon_core.package_identification:_identify(rrbot_simulation_files/__MACOSX/rrbot_simulation_files/rrbot_gazebo/worlds) by extensions ['colcon_pkg']
[0.361s] Level 1:colcon.colcon_core.package_identification:_identify(rrbot_simulation_files/__MACOSX/rrbot_simulation_files/rrbot_gazebo/worlds) by extension 'colcon_pkg'
[0.361s] Level 1:colcon.colcon_core.package_identification:_identify(rrbot_simulation_files/__MACOSX/rrbot_simulation_files/rrbot_gazebo/worlds) by extensions ['colcon_meta']
[0.361s] Level 1:colcon.colcon_core.package_identification:_identify(rrbot_simulation_files/__MACOSX/rrbot_simulation_files/rrbot_gazebo/worlds) by extension 'colcon_meta'
[0.361s] Level 1:colcon.colcon_core.package_identification:_identify(rrbot_simulation_files/__MACOSX/rrbot_simulation_files/rrbot_gazebo/worlds) by extensions ['ros']
[0.361s] Level 1:colcon.colcon_core.package_identification:_identify(rrbot_simulation_files/__MACOSX/rrbot_simulation_files/rrbot_gazebo/worlds) by extension 'ros'
[0.361s] Level 1:colcon.colcon_core.package_identification:_identify(rrbot_simulation_files/__MACOSX/rrbot_simulation_files/rrbot_gazebo/worlds) by extensions ['cmake', 'python']
[0.361s] Level 1:colcon.colcon_core.package_identification:_identify(rrbot_simulation_files/__MACOSX/rrbot_simulation_files/rrbot_gazebo/worlds) by extension 'cmake'
[0.361s] Level 1:colcon.colcon_core.package_identification:_identify(rrbot_simulation_files/__MACOSX/rrbot_simulation_files/rrbot_gazebo/worlds) by extension 'python'
[0.361s] Level 1:colcon.colcon_core.package_identification:_identify(rrbot_simulation_files/__MACOSX/rrbot_simulation_files/rrbot_gazebo/worlds) by extensions ['python_setup_py']
[0.361s] Level 1:colcon.colcon_core.package_identification:_identify(rrbot_simulation_files/__MACOSX/rrbot_simulation_files/rrbot_gazebo/worlds) by extension 'python_setup_py'
[0.361s] Level 1:colcon.colcon_core.package_identification:_identify(rrbot_simulation_files/rrbot_simulation_files) by extensions ['ignore', 'ignore_ament_install']
[0.361s] Level 1:colcon.colcon_core.package_identification:_identify(rrbot_simulation_files/rrbot_simulation_files) by extension 'ignore'
[0.361s] Level 1:colcon.colcon_core.package_identification:_identify(rrbot_simulation_files/rrbot_simulation_files) by extension 'ignore_ament_install'
[0.361s] Level 1:colcon.colcon_core.package_identification:_identify(rrbot_simulation_files/rrbot_simulation_files) by extensions ['colcon_pkg']
[0.361s] Level 1:colcon.colcon_core.package_identification:_identify(rrbot_simulation_files/rrbot_simulation_files) by extension 'colcon_pkg'
[0.362s] Level 1:colcon.colcon_core.package_identification:_identify(rrbot_simulation_files/rrbot_simulation_files) by extensions ['colcon_meta']
[0.362s] Level 1:colcon.colcon_core.package_identification:_identify(rrbot_simulation_files/rrbot_simulation_files) by extension 'colcon_meta'
[0.362s] Level 1:colcon.colcon_core.package_identification:_identify(rrbot_simulation_files/rrbot_simulation_files) by extensions ['ros']
[0.362s] Level 1:colcon.colcon_core.package_identification:_identify(rrbot_simulation_files/rrbot_simulation_files) by extension 'ros'
[0.362s] Level 1:colcon.colcon_core.package_identification:_identify(rrbot_simulation_files/rrbot_simulation_files) by extensions ['cmake', 'python']
[0.362s] Level 1:colcon.colcon_core.package_identification:_identify(rrbot_simulation_files/rrbot_simulation_files) by extension 'cmake'
[0.362s] Level 1:colcon.colcon_core.package_identification:_identify(rrbot_simulation_files/rrbot_simulation_files) by extension 'python'
[0.362s] Level 1:colcon.colcon_core.package_identification:_identify(rrbot_simulation_files/rrbot_simulation_files) by extensions ['python_setup_py']
[0.362s] Level 1:colcon.colcon_core.package_identification:_identify(rrbot_simulation_files/rrbot_simulation_files) by extension 'python_setup_py'
[0.362s] Level 1:colcon.colcon_core.package_identification:_identify(rrbot_simulation_files/rrbot_simulation_files/rrbot_description) by extensions ['ignore', 'ignore_ament_install']
[0.362s] Level 1:colcon.colcon_core.package_identification:_identify(rrbot_simulation_files/rrbot_simulation_files/rrbot_description) by extension 'ignore'
[0.362s] Level 1:colcon.colcon_core.package_identification:_identify(rrbot_simulation_files/rrbot_simulation_files/rrbot_description) by extension 'ignore_ament_install'
[0.362s] Level 1:colcon.colcon_core.package_identification:_identify(rrbot_simulation_files/rrbot_simulation_files/rrbot_description) by extensions ['colcon_pkg']
[0.362s] Level 1:colcon.colcon_core.package_identification:_identify(rrbot_simulation_files/rrbot_simulation_files/rrbot_description) by extension 'colcon_pkg'
[0.362s] Level 1:colcon.colcon_core.package_identification:_identify(rrbot_simulation_files/rrbot_simulation_files/rrbot_description) by extensions ['colcon_meta']
[0.362s] Level 1:colcon.colcon_core.package_identification:_identify(rrbot_simulation_files/rrbot_simulation_files/rrbot_description) by extension 'colcon_meta'
[0.362s] Level 1:colcon.colcon_core.package_identification:_identify(rrbot_simulation_files/rrbot_simulation_files/rrbot_description) by extensions ['ros']
[0.362s] Level 1:colcon.colcon_core.package_identification:_identify(rrbot_simulation_files/rrbot_simulation_files/rrbot_description) by extension 'ros'
[0.365s] DEBUG:colcon.colcon_core.package_identification:Package 'rrbot_simulation_files/rrbot_simulation_files/rrbot_description' with type 'ros.ament_cmake' and name 'rrbot_description'
[0.365s] Level 1:colcon.colcon_core.package_identification:_identify(rrbot_simulation_files/rrbot_simulation_files/rrbot_gazebo) by extensions ['ignore', 'ignore_ament_install']
[0.365s] Level 1:colcon.colcon_core.package_identification:_identify(rrbot_simulation_files/rrbot_simulation_files/rrbot_gazebo) by extension 'ignore'
[0.365s] Level 1:colcon.colcon_core.package_identification:_identify(rrbot_simulation_files/rrbot_simulation_files/rrbot_gazebo) by extension 'ignore_ament_install'
[0.365s] Level 1:colcon.colcon_core.package_identification:_identify(rrbot_simulation_files/rrbot_simulation_files/rrbot_gazebo) by extensions ['colcon_pkg']
[0.365s] Level 1:colcon.colcon_core.package_identification:_identify(rrbot_simulation_files/rrbot_simulation_files/rrbot_gazebo) by extension 'colcon_pkg'
[0.365s] Level 1:colcon.colcon_core.package_identification:_identify(rrbot_simulation_files/rrbot_simulation_files/rrbot_gazebo) by extensions ['colcon_meta']
[0.365s] Level 1:colcon.colcon_core.package_identification:_identify(rrbot_simulation_files/rrbot_simulation_files/rrbot_gazebo) by extension 'colcon_meta'
[0.365s] Level 1:colcon.colcon_core.package_identification:_identify(rrbot_simulation_files/rrbot_simulation_files/rrbot_gazebo) by extensions ['ros']
[0.365s] Level 1:colcon.colcon_core.package_identification:_identify(rrbot_simulation_files/rrbot_simulation_files/rrbot_gazebo) by extension 'ros'
[0.366s] DEBUG:colcon.colcon_core.package_identification:Package 'rrbot_simulation_files/rrbot_simulation_files/rrbot_gazebo' with type 'ros.ament_cmake' and name 'rrbot_gazebo'
[0.366s] Level 1:colcon.colcon_core.package_discovery:discover_packages(recursive) using defaults
[0.366s] Level 1:colcon.colcon_core.package_discovery:discover_packages(ignore) discover
[0.366s] Level 1:colcon.colcon_core.package_discovery:discover_packages(ignore) using defaults
[0.366s] Level 1:colcon.colcon_core.package_discovery:discover_packages(path) discover
[0.366s] Level 1:colcon.colcon_core.package_discovery:discover_packages(path) using defaults
[0.392s] Level 1:colcon.colcon_core.package_discovery:discover_packages(prefix_path) check parameters
[0.392s] Level 1:colcon.colcon_core.package_discovery:discover_packages(prefix_path) discover
[0.395s] DEBUG:colcon.colcon_installed_package_information.package_discovery:Found 2 installed packages in /home/aadesh/proj_ws/src/install
[0.397s] DEBUG:colcon.colcon_installed_package_information.package_discovery:Found 303 installed packages in /opt/ros/humble
[0.398s] Level 1:colcon.colcon_core.package_discovery:discover_packages(prefix_path) using defaults
[0.461s] Level 5:colcon.colcon_core.verb:set package 'rrbot_description' build argument 'cmake_args' from command line to 'None'
[0.461s] Level 5:colcon.colcon_core.verb:set package 'rrbot_description' build argument 'cmake_target' from command line to 'None'
[0.461s] Level 5:colcon.colcon_core.verb:set package 'rrbot_description' build argument 'cmake_target_skip_unavailable' from command line to 'False'
[0.461s] Level 5:colcon.colcon_core.verb:set package 'rrbot_description' build argument 'cmake_clean_cache' from command line to 'False'
[0.461s] Level 5:colcon.colcon_core.verb:set package 'rrbot_description' build argument 'cmake_clean_first' from command line to 'False'
[0.461s] Level 5:colcon.colcon_core.verb:set package 'rrbot_description' build argument 'cmake_force_configure' from command line to 'False'
[0.461s] Level 5:colcon.colcon_core.verb:set package 'rrbot_description' build argument 'ament_cmake_args' from command line to 'None'
[0.461s] Level 5:colcon.colcon_core.verb:set package 'rrbot_description' build argument 'catkin_cmake_args' from command line to 'None'
[0.461s] Level 5:colcon.colcon_core.verb:set package 'rrbot_description' build argument 'catkin_skip_building_tests' from command line to 'False'
[0.461s] DEBUG:colcon.colcon_core.verb:Building package 'rrbot_description' with the following arguments: {'ament_cmake_args': None, 'build_base': '/home/aadesh/proj_ws/src/build/rrbot_description', 'catkin_cmake_args': None, 'catkin_skip_building_tests': False, 'cmake_args': None, 'cmake_clean_cache': False, 'cmake_clean_first': False, 'cmake_force_configure': False, 'cmake_target': None, 'cmake_target_skip_unavailable': False, 'install_base': '/home/aadesh/proj_ws/src/install/rrbot_description', 'merge_install': False, 'path': '/home/aadesh/proj_ws/src/rrbot_simulation_files/rrbot_simulation_files/rrbot_description', 'symlink_install': False, 'test_result_base': None}
[0.462s] Level 5:colcon.colcon_core.verb:set package 'rrbot_gazebo' build argument 'cmake_args' from command line to 'None'
[0.462s] Level 5:colcon.colcon_core.verb:set package 'rrbot_gazebo' build argument 'cmake_target' from command line to 'None'
[0.462s] Level 5:colcon.colcon_core.verb:set package 'rrbot_gazebo' build argument 'cmake_target_skip_unavailable' from command line to 'False'
[0.462s] Level 5:colcon.colcon_core.verb:set package 'rrbot_gazebo' build argument 'cmake_clean_cache' from command line to 'False'
[0.462s] Level 5:colcon.colcon_core.verb:set package 'rrbot_gazebo' build argument 'cmake_clean_first' from command line to 'False'
[0.462s] Level 5:colcon.colcon_core.verb:set package 'rrbot_gazebo' build argument 'cmake_force_configure' from command line to 'False'
[0.462s] Level 5:colcon.colcon_core.verb:set package 'rrbot_gazebo' build argument 'ament_cmake_args' from command line to 'None'
[0.462s] Level 5:colcon.colcon_core.verb:set package 'rrbot_gazebo' build argument 'catkin_cmake_args' from command line to 'None'
[0.462s] Level 5:colcon.colcon_core.verb:set package 'rrbot_gazebo' build argument 'catkin_skip_building_tests' from command line to 'False'
[0.462s] DEBUG:colcon.colcon_core.verb:Building package 'rrbot_gazebo' with the following arguments: {'ament_cmake_args': None, 'build_base': '/home/aadesh/proj_ws/src/build/rrbot_gazebo', 'catkin_cmake_args': None, 'catkin_skip_building_tests': False, 'cmake_args': None, 'cmake_clean_cache': False, 'cmake_clean_first': False, 'cmake_force_configure': False, 'cmake_target': None, 'cmake_target_skip_unavailable': False, 'install_base': '/home/aadesh/proj_ws/src/install/rrbot_gazebo', 'merge_install': False, 'path': '/home/aadesh/proj_ws/src/rrbot_simulation_files/rrbot_simulation_files/rrbot_gazebo', 'symlink_install': False, 'test_result_base': None}
[0.463s] INFO:colcon.colcon_core.executor:Executing jobs using 'parallel' executor
[0.467s] DEBUG:colcon.colcon_parallel_executor.executor.parallel:run_until_complete
[0.467s] INFO:colcon.colcon_ros.task.ament_cmake.build:Building ROS package in '/home/aadesh/proj_ws/src/rrbot_simulation_files/rrbot_simulation_files/rrbot_description' with build type 'ament_cmake'
[0.467s] INFO:colcon.colcon_cmake.task.cmake.build:Building CMake package in '/home/aadesh/proj_ws/src/rrbot_simulation_files/rrbot_simulation_files/rrbot_description'
[0.471s] INFO:colcon.colcon_core.plugin_system:Skipping extension 'colcon_core.shell.bat': Not used on non-Windows systems
[0.471s] INFO:colcon.colcon_core.shell:Skip shell extension 'powershell' for command environment: Not usable outside of PowerShell
[0.471s] DEBUG:colcon.colcon_core.shell:Skip shell extension 'dsv' for command environment
[0.484s] DEBUG:colcon.colcon_core.event_handler.log_command:Invoking command in '/home/aadesh/proj_ws/src/build/rrbot_description': CMAKE_PREFIX_PATH=${CMAKE_PREFIX_PATH}:/opt/ros/humble /usr/bin/cmake --build /home/aadesh/proj_ws/src/build/rrbot_description -- -j8 -l8
[0.526s] DEBUG:colcon.colcon_core.event_handler.log_command:Invoked command in '/home/aadesh/proj_ws/src/build/rrbot_description' returned '0': CMAKE_PREFIX_PATH=${CMAKE_PREFIX_PATH}:/opt/ros/humble /usr/bin/cmake --build /home/aadesh/proj_ws/src/build/rrbot_description -- -j8 -l8
[0.561s] DEBUG:colcon.colcon_core.event_handler.log_command:Invoking command in '/home/aadesh/proj_ws/src/build/rrbot_description': CMAKE_PREFIX_PATH=${CMAKE_PREFIX_PATH}:/opt/ros/humble /usr/bin/cmake --install /home/aadesh/proj_ws/src/build/rrbot_description
[0.588s] Level 1:colcon.colcon_core.environment:create_environment_scripts_only(rrbot_description)
[0.588s] DEBUG:colcon.colcon_core.event_handler.log_command:Invoked command in '/home/aadesh/proj_ws/src/build/rrbot_description' returned '0': CMAKE_PREFIX_PATH=${CMAKE_PREFIX_PATH}:/opt/ros/humble /usr/bin/cmake --install /home/aadesh/proj_ws/src/build/rrbot_description
[0.593s] Level 1:colcon.colcon_core.environment:checking '/home/aadesh/proj_ws/src/install/rrbot_description' for CMake module files
[0.593s] Level 1:colcon.colcon_core.environment:checking '/home/aadesh/proj_ws/src/install/rrbot_description' for CMake config files
[0.594s] Level 1:colcon.colcon_core.shell:create_environment_hook('rrbot_description', 'cmake_prefix_path')
[0.595s] INFO:colcon.colcon_core.shell:Creating environment hook '/home/aadesh/proj_ws/src/install/rrbot_description/share/rrbot_description/hook/cmake_prefix_path.ps1'
[0.596s] INFO:colcon.colcon_core.shell:Creating environment descriptor '/home/aadesh/proj_ws/src/install/rrbot_description/share/rrbot_description/hook/cmake_prefix_path.dsv'
[0.596s] INFO:colcon.colcon_core.shell:Creating environment hook '/home/aadesh/proj_ws/src/install/rrbot_description/share/rrbot_description/hook/cmake_prefix_path.sh'
[0.599s] Level 1:colcon.colcon_core.environment:checking '/home/aadesh/proj_ws/src/install/rrbot_description/bin'
[0.600s] Level 1:colcon.colcon_core.environment:checking '/home/aadesh/proj_ws/src/install/rrbot_description/lib/pkgconfig/rrbot_description.pc'
[0.600s] Level 1:colcon.colcon_core.environment:checking '/home/aadesh/proj_ws/src/install/rrbot_description/lib/python3.10/site-packages'
[0.600s] Level 1:colcon.colcon_core.environment:checking '/home/aadesh/proj_ws/src/install/rrbot_description/bin'
[0.602s] INFO:colcon.colcon_core.shell:Creating package script '/home/aadesh/proj_ws/src/install/rrbot_description/share/rrbot_description/package.ps1'
[0.603s] INFO:colcon.colcon_core.shell:Creating package descriptor '/home/aadesh/proj_ws/src/install/rrbot_description/share/rrbot_description/package.dsv'
[0.604s] INFO:colcon.colcon_core.shell:Creating package script '/home/aadesh/proj_ws/src/install/rrbot_description/share/rrbot_description/package.sh'
[0.605s] INFO:colcon.colcon_core.shell:Creating package script '/home/aadesh/proj_ws/src/install/rrbot_description/share/rrbot_description/package.bash'
[0.605s] INFO:colcon.colcon_core.shell:Creating package script '/home/aadesh/proj_ws/src/install/rrbot_description/share/rrbot_description/package.zsh'
[0.606s] Level 1:colcon.colcon_core.environment:create_file_with_runtime_dependencies(/home/aadesh/proj_ws/src/install/rrbot_description/share/colcon-core/packages/rrbot_description)
[0.632s] Level 1:colcon.colcon_core.environment:create_environment_scripts_only(rrbot_description)
[0.634s] Level 1:colcon.colcon_core.environment:checking '/home/aadesh/proj_ws/src/install/rrbot_description' for CMake module files
[0.634s] Level 1:colcon.colcon_core.environment:checking '/home/aadesh/proj_ws/src/install/rrbot_description' for CMake config files
[0.634s] Level 1:colcon.colcon_core.shell:create_environment_hook('rrbot_description', 'cmake_prefix_path')
[0.636s] INFO:colcon.colcon_core.shell:Creating environment hook '/home/aadesh/proj_ws/src/install/rrbot_description/share/rrbot_description/hook/cmake_prefix_path.ps1'
[0.636s] INFO:colcon.colcon_core.shell:Creating environment descriptor '/home/aadesh/proj_ws/src/install/rrbot_description/share/rrbot_description/hook/cmake_prefix_path.dsv'
[0.637s] INFO:colcon.colcon_core.shell:Creating environment hook '/home/aadesh/proj_ws/src/install/rrbot_description/share/rrbot_description/hook/cmake_prefix_path.sh'
[0.637s] Level 1:colcon.colcon_core.environment:checking '/home/aadesh/proj_ws/src/install/rrbot_description/bin'
[0.637s] Level 1:colcon.colcon_core.environment:checking '/home/aadesh/proj_ws/src/install/rrbot_description/lib/pkgconfig/rrbot_description.pc'
[0.637s] Level 1:colcon.colcon_core.environment:checking '/home/aadesh/proj_ws/src/install/rrbot_description/lib/python3.10/site-packages'
[0.638s] Level 1:colcon.colcon_core.environment:checking '/home/aadesh/proj_ws/src/install/rrbot_description/bin'
[0.639s] INFO:colcon.colcon_core.shell:Creating package script '/home/aadesh/proj_ws/src/install/rrbot_description/share/rrbot_description/package.ps1'
[0.640s] INFO:colcon.colcon_core.shell:Creating package descriptor '/home/aadesh/proj_ws/src/install/rrbot_description/share/rrbot_description/package.dsv'
[0.640s] INFO:colcon.colcon_core.shell:Creating package script '/home/aadesh/proj_ws/src/install/rrbot_description/share/rrbot_description/package.sh'
[0.640s] INFO:colcon.colcon_core.shell:Creating package script '/home/aadesh/proj_ws/src/install/rrbot_description/share/rrbot_description/package.bash'
[0.641s] INFO:colcon.colcon_core.shell:Creating package script '/home/aadesh/proj_ws/src/install/rrbot_description/share/rrbot_description/package.zsh'
[0.641s] Level 1:colcon.colcon_core.environment:create_file_with_runtime_dependencies(/home/aadesh/proj_ws/src/install/rrbot_description/share/colcon-core/packages/rrbot_description)
[0.642s] INFO:colcon.colcon_ros.task.ament_cmake.build:Building ROS package in '/home/aadesh/proj_ws/src/rrbot_simulation_files/rrbot_simulation_files/rrbot_gazebo' with build type 'ament_cmake'
[0.642s] INFO:colcon.colcon_cmake.task.cmake.build:Building CMake package in '/home/aadesh/proj_ws/src/rrbot_simulation_files/rrbot_simulation_files/rrbot_gazebo'
[0.643s] INFO:colcon.colcon_core.shell:Skip shell extension 'powershell' for command environment: Not usable outside of PowerShell
[0.643s] DEBUG:colcon.colcon_core.shell:Skip shell extension 'dsv' for command environment
[0.654s] DEBUG:colcon.colcon_core.event_handler.log_command:Invoking command in '/home/aadesh/proj_ws/src/build/rrbot_gazebo': CMAKE_PREFIX_PATH=/home/aadesh/proj_ws/src/install/rrbot_description:/home/aadesh/proj_ws/src/install/rrbot_gazebo:/opt/ros/humble /usr/bin/cmake --build /home/aadesh/proj_ws/src/build/rrbot_gazebo -- -j8 -l8
[0.731s] DEBUG:colcon.colcon_core.event_handler.log_command:Invoked command in '/home/aadesh/proj_ws/src/build/rrbot_gazebo' returned '0': CMAKE_PREFIX_PATH=/home/aadesh/proj_ws/src/install/rrbot_description:/home/aadesh/proj_ws/src/install/rrbot_gazebo:/opt/ros/humble /usr/bin/cmake --build /home/aadesh/proj_ws/src/build/rrbot_gazebo -- -j8 -l8
[0.761s] DEBUG:colcon.colcon_core.event_handler.log_command:Invoking command in '/home/aadesh/proj_ws/src/build/rrbot_gazebo': CMAKE_PREFIX_PATH=/home/aadesh/proj_ws/src/install/rrbot_description:/home/aadesh/proj_ws/src/install/rrbot_gazebo:/opt/ros/humble /usr/bin/cmake --install /home/aadesh/proj_ws/src/build/rrbot_gazebo
[0.785s] Level 1:colcon.colcon_core.environment:create_environment_scripts_only(rrbot_gazebo)
[0.787s] Level 1:colcon.colcon_core.environment:checking '/home/aadesh/proj_ws/src/install/rrbot_gazebo' for CMake module files
[0.787s] DEBUG:colcon.colcon_core.event_handler.log_command:Invoked command in '/home/aadesh/proj_ws/src/build/rrbot_gazebo' returned '0': CMAKE_PREFIX_PATH=/home/aadesh/proj_ws/src/install/rrbot_description:/home/aadesh/proj_ws/src/install/rrbot_gazebo:/opt/ros/humble /usr/bin/cmake --install /home/aadesh/proj_ws/src/build/rrbot_gazebo
[0.788s] Level 1:colcon.colcon_core.environment:checking '/home/aadesh/proj_ws/src/install/rrbot_gazebo' for CMake config files
[0.788s] Level 1:colcon.colcon_core.shell:create_environment_hook('rrbot_gazebo', 'cmake_prefix_path')
[0.791s] INFO:colcon.colcon_core.shell:Creating environment hook '/home/aadesh/proj_ws/src/install/rrbot_gazebo/share/rrbot_gazebo/hook/cmake_prefix_path.ps1'
[0.791s] INFO:colcon.colcon_core.shell:Creating environment descriptor '/home/aadesh/proj_ws/src/install/rrbot_gazebo/share/rrbot_gazebo/hook/cmake_prefix_path.dsv'
[0.792s] INFO:colcon.colcon_core.shell:Creating environment hook '/home/aadesh/proj_ws/src/install/rrbot_gazebo/share/rrbot_gazebo/hook/cmake_prefix_path.sh'
[0.792s] Level 1:colcon.colcon_core.environment:checking '/home/aadesh/proj_ws/src/install/rrbot_gazebo/lib'
[0.792s] Level 1:colcon.colcon_core.environment:checking '/home/aadesh/proj_ws/src/install/rrbot_gazebo/bin'
[0.793s] Level 1:colcon.colcon_core.environment:checking '/home/aadesh/proj_ws/src/install/rrbot_gazebo/lib/pkgconfig/rrbot_gazebo.pc'
[0.793s] Level 1:colcon.colcon_core.environment:checking '/home/aadesh/proj_ws/src/install/rrbot_gazebo/lib/python3.10/site-packages'
[0.794s] Level 1:colcon.colcon_core.environment:checking '/home/aadesh/proj_ws/src/install/rrbot_gazebo/bin'
[0.796s] INFO:colcon.colcon_core.shell:Creating package script '/home/aadesh/proj_ws/src/install/rrbot_gazebo/share/rrbot_gazebo/package.ps1'
[0.797s] INFO:colcon.colcon_core.shell:Creating package descriptor '/home/aadesh/proj_ws/src/install/rrbot_gazebo/share/rrbot_gazebo/package.dsv'
[0.797s] INFO:colcon.colcon_core.shell:Creating package script '/home/aadesh/proj_ws/src/install/rrbot_gazebo/share/rrbot_gazebo/package.sh'
[0.798s] INFO:colcon.colcon_core.shell:Creating package script '/home/aadesh/proj_ws/src/install/rrbot_gazebo/share/rrbot_gazebo/package.bash'
[0.798s] INFO:colcon.colcon_core.shell:Creating package script '/home/aadesh/proj_ws/src/install/rrbot_gazebo/share/rrbot_gazebo/package.zsh'
[0.798s] Level 1:colcon.colcon_core.environment:create_file_with_runtime_dependencies(/home/aadesh/proj_ws/src/install/rrbot_gazebo/share/colcon-core/packages/rrbot_gazebo)
[0.829s] Level 1:colcon.colcon_core.environment:create_environment_scripts_only(rrbot_gazebo)
[0.831s] Level 1:colcon.colcon_core.environment:checking '/home/aadesh/proj_ws/src/install/rrbot_gazebo' for CMake module files
[0.832s] Level 1:colcon.colcon_core.environment:checking '/home/aadesh/proj_ws/src/install/rrbot_gazebo' for CMake config files
[0.832s] Level 1:colcon.colcon_core.shell:create_environment_hook('rrbot_gazebo', 'cmake_prefix_path')
[0.833s] INFO:colcon.colcon_core.shell:Creating environment hook '/home/aadesh/proj_ws/src/install/rrbot_gazebo/share/rrbot_gazebo/hook/cmake_prefix_path.ps1'
[0.834s] INFO:colcon.colcon_core.shell:Creating environment descriptor '/home/aadesh/proj_ws/src/install/rrbot_gazebo/share/rrbot_gazebo/hook/cmake_prefix_path.dsv'
[0.834s] INFO:colcon.colcon_core.shell:Creating environment hook '/home/aadesh/proj_ws/src/install/rrbot_gazebo/share/rrbot_gazebo/hook/cmake_prefix_path.sh'
[0.834s] Level 1:colcon.colcon_core.environment:checking '/home/aadesh/proj_ws/src/install/rrbot_gazebo/lib'
[0.835s] Level 1:colcon.colcon_core.environment:checking '/home/aadesh/proj_ws/src/install/rrbot_gazebo/bin'
[0.835s] Level 1:colcon.colcon_core.environment:checking '/home/aadesh/proj_ws/src/install/rrbot_gazebo/lib/pkgconfig/rrbot_gazebo.pc'
[0.835s] Level 1:colcon.colcon_core.environment:checking '/home/aadesh/proj_ws/src/install/rrbot_gazebo/lib/python3.10/site-packages'
[0.835s] Level 1:colcon.colcon_core.environment:checking '/home/aadesh/proj_ws/src/install/rrbot_gazebo/bin'
[0.837s] INFO:colcon.colcon_core.shell:Creating package script '/home/aadesh/proj_ws/src/install/rrbot_gazebo/share/rrbot_gazebo/package.ps1'
[0.837s] INFO:colcon.colcon_core.shell:Creating package descriptor '/home/aadesh/proj_ws/src/install/rrbot_gazebo/share/rrbot_gazebo/package.dsv'
[0.837s] INFO:colcon.colcon_core.shell:Creating package script '/home/aadesh/proj_ws/src/install/rrbot_gazebo/share/rrbot_gazebo/package.sh'
[0.838s] INFO:colcon.colcon_core.shell:Creating package script '/home/aadesh/proj_ws/src/install/rrbot_gazebo/share/rrbot_gazebo/package.bash'
[0.838s] INFO:colcon.colcon_core.shell:Creating package script '/home/aadesh/proj_ws/src/install/rrbot_gazebo/share/rrbot_gazebo/package.zsh'
[0.839s] Level 1:colcon.colcon_core.environment:create_file_with_runtime_dependencies(/home/aadesh/proj_ws/src/install/rrbot_gazebo/share/colcon-core/packages/rrbot_gazebo)
[0.839s] DEBUG:colcon.colcon_parallel_executor.executor.parallel:closing loop
[0.839s] DEBUG:colcon.colcon_parallel_executor.executor.parallel:loop closed
[0.839s] DEBUG:colcon.colcon_parallel_executor.executor.parallel:run_until_complete finished with '0'
[0.839s] DEBUG:colcon.colcon_core.event_reactor:joining thread
[0.846s] INFO:colcon.colcon_core.plugin_system:Skipping extension 'colcon_notification.desktop_notification.terminal_notifier': Not used on non-Darwin systems
[0.846s] INFO:colcon.colcon_core.plugin_system:Skipping extension 'colcon_notification.desktop_notification.win32': Not used on non-Windows systems
[0.846s] INFO:colcon.colcon_notification.desktop_notification:Sending desktop notification using 'notify2'
[0.858s] DEBUG:colcon.colcon_core.event_reactor:joined thread
[0.860s] INFO:colcon.colcon_core.shell:Creating prefix script '/home/aadesh/proj_ws/src/install/local_setup.ps1'
[0.861s] INFO:colcon.colcon_core.shell:Creating prefix util module '/home/aadesh/proj_ws/src/install/_local_setup_util_ps1.py'
[0.863s] INFO:colcon.colcon_core.shell:Creating prefix chain script '/home/aadesh/proj_ws/src/install/setup.ps1'
[0.865s] INFO:colcon.colcon_core.shell:Creating prefix script '/home/aadesh/proj_ws/src/install/local_setup.sh'
[0.865s] INFO:colcon.colcon_core.shell:Creating prefix util module '/home/aadesh/proj_ws/src/install/_local_setup_util_sh.py'
[0.866s] INFO:colcon.colcon_core.shell:Creating prefix chain script '/home/aadesh/proj_ws/src/install/setup.sh'
[0.868s] INFO:colcon.colcon_core.shell:Creating prefix script '/home/aadesh/proj_ws/src/install/local_setup.bash'
[0.868s] INFO:colcon.colcon_core.shell:Creating prefix chain script '/home/aadesh/proj_ws/src/install/setup.bash'
[0.870s] INFO:colcon.colcon_core.shell:Creating prefix script '/home/aadesh/proj_ws/src/install/local_setup.zsh'
[0.870s] INFO:colcon.colcon_core.shell:Creating prefix chain script '/home/aadesh/proj_ws/src/install/setup.zsh'
