[0.015s] Invoking command in '/home/aadesh/proj_ws/src/build/rrbot_description': CMAKE_PREFIX_PATH=${CMAKE_PREFIX_PATH}:/opt/ros/humble /usr/bin/cmake /home/aadesh/proj_ws/src/rrbot_simulation_files/rrbot_simulation_files/rrbot_description -DCMAKE_INSTALL_PREFIX=/home/aadesh/proj_ws/src/install/rrbot_description
[0.027s] -- Found ament_cmake: 1.3.2 (/opt/ros/humble/share/ament_cmake/cmake)
[0.180s] -- Override CMake install command with custom implementation using symlinks instead of copying resources
[0.253s] -- Configuring done
[0.256s] -- Generating done
[0.257s] -- Build files have been written to: /home/aadesh/proj_ws/src/build/rrbot_description
[0.260s] Invoked command in '/home/aadesh/proj_ws/src/build/rrbot_description' returned '0': CMAKE_PREFIX_PATH=${CMAKE_PREFIX_PATH}:/opt/ros/humble /usr/bin/cmake /home/aadesh/proj_ws/src/rrbot_simulation_files/rrbot_simulation_files/rrbot_description -DCMAKE_INSTALL_PREFIX=/home/aadesh/proj_ws/src/install/rrbot_description
[0.262s] Invoking command in '/home/aadesh/proj_ws/src/build/rrbot_description': CMAKE_PREFIX_PATH=${CMAKE_PREFIX_PATH}:/opt/ros/humble /usr/bin/cmake --build /home/aadesh/proj_ws/src/build/rrbot_description -- -j8 -l8
[0.301s] Invoked command in '/home/aadesh/proj_ws/src/build/rrbot_description' returned '0': CMAKE_PREFIX_PATH=${CMAKE_PREFIX_PATH}:/opt/ros/humble /usr/bin/cmake --build /home/aadesh/proj_ws/src/build/rrbot_description -- -j8 -l8
[0.334s] Invoking command in '/home/aadesh/proj_ws/src/build/rrbot_description': CMAKE_PREFIX_PATH=${CMAKE_PREFIX_PATH}:/opt/ros/humble /usr/bin/cmake --install /home/aadesh/proj_ws/src/build/rrbot_description
[0.341s] -- Install configuration: ""
[0.342s] -- Execute custom install script
[0.342s] -- Up-to-date symlink: /home/aadesh/proj_ws/src/install/rrbot_description/share/rrbot_description/config/rrbot.rviz
[0.342s] -- Up-to-date symlink: /home/aadesh/proj_ws/src/install/rrbot_description/share/rrbot_description/gazebo/rrbot.gazebo.xacro
[0.343s] -- Up-to-date symlink: /home/aadesh/proj_ws/src/install/rrbot_description/share/rrbot_description/gazebo/rrbot.materials.xacro
[0.343s] -- Up-to-date symlink: /home/aadesh/proj_ws/src/install/rrbot_description/share/rrbot_description/meshes/hokuyo.dae
[0.343s] -- Up-to-date symlink: /home/aadesh/proj_ws/src/install/rrbot_description/share/rrbot_description/launch/view_robot.launch.py
[0.343s] -- Up-to-date symlink: /home/aadesh/proj_ws/src/install/rrbot_description/share/rrbot_description/ros2_control/rrbot.ros2_control.xacro
[0.343s] -- Up-to-date symlink: /home/aadesh/proj_ws/src/install/rrbot_description/share/rrbot_description/urdf/rrbot.urdf.xacro
[0.344s] -- Up-to-date symlink: /home/aadesh/proj_ws/src/install/rrbot_description/share/rrbot_description/urdf/rrbot_description.urdf.xacro
[0.344s] -- Up-to-date symlink: /home/aadesh/proj_ws/src/install/rrbot_description/share/rrbot_description/environment/rrbot_description.dsv
[0.344s] -- Up-to-date symlink: /home/aadesh/proj_ws/src/install/rrbot_description/share/ament_index/resource_index/package_run_dependencies/rrbot_description
[0.344s] -- Up-to-date symlink: /home/aadesh/proj_ws/src/install/rrbot_description/share/ament_index/resource_index/parent_prefix_path/rrbot_description
[0.345s] -- Up-to-date symlink: /home/aadesh/proj_ws/src/install/rrbot_description/share/rrbot_description/environment/ament_prefix_path.sh
[0.345s] -- Up-to-date symlink: /home/aadesh/proj_ws/src/install/rrbot_description/share/rrbot_description/environment/ament_prefix_path.dsv
[0.345s] -- Up-to-date symlink: /home/aadesh/proj_ws/src/install/rrbot_description/share/rrbot_description/environment/path.sh
[0.345s] -- Up-to-date symlink: /home/aadesh/proj_ws/src/install/rrbot_description/share/rrbot_description/environment/path.dsv
[0.345s] -- Up-to-date symlink: /home/aadesh/proj_ws/src/install/rrbot_description/share/rrbot_description/local_setup.bash
[0.346s] -- Up-to-date symlink: /home/aadesh/proj_ws/src/install/rrbot_description/share/rrbot_description/local_setup.sh
[0.346s] -- Up-to-date symlink: /home/aadesh/proj_ws/src/install/rrbot_description/share/rrbot_description/local_setup.zsh
[0.346s] -- Up-to-date symlink: /home/aadesh/proj_ws/src/install/rrbot_description/share/rrbot_description/local_setup.dsv
[0.347s] -- Symlinking: /home/aadesh/proj_ws/src/install/rrbot_description/share/rrbot_description/package.dsv
[0.356s] -- Up-to-date symlink: /home/aadesh/proj_ws/src/install/rrbot_description/share/ament_index/resource_index/packages/rrbot_description
[0.356s] -- Up-to-date symlink: /home/aadesh/proj_ws/src/install/rrbot_description/share/rrbot_description/cmake/rrbot_descriptionConfig.cmake
[0.356s] -- Up-to-date symlink: /home/aadesh/proj_ws/src/install/rrbot_description/share/rrbot_description/cmake/rrbot_descriptionConfig-version.cmake
[0.356s] -- Up-to-date symlink: /home/aadesh/proj_ws/src/install/rrbot_description/share/rrbot_description/package.xml
[0.359s] Invoked command in '/home/aadesh/proj_ws/src/build/rrbot_description' returned '0': CMAKE_PREFIX_PATH=${CMAKE_PREFIX_PATH}:/opt/ros/humble /usr/bin/cmake --install /home/aadesh/proj_ws/src/build/rrbot_description
