[0.010s] Invoking command in '/home/aadesh/proj_ws/src/build/rrbot_gazebo': CMAKE_PREFIX_PATH=/home/aadesh/proj_ws/src/install/rrbot_description:/home/aadesh/proj_ws/src/install/rrbot_gazebo:/opt/ros/humble /usr/bin/cmake /home/aadesh/proj_ws/src/rrbot_simulation_files/rrbot_simulation_files/rrbot_gazebo -DCMAKE_INSTALL_PREFIX=/home/aadesh/proj_ws/src/install/rrbot_gazebo
[0.024s] -- Found ament_cmake: 1.3.2 (/opt/ros/humble/share/ament_cmake/cmake)
[0.167s] -- Override CMake install command with custom implementation using symlinks instead of copying resources
[0.175s] -- Found rclcpp: 16.0.1 (/opt/ros/humble/share/rclcpp/cmake)
[0.458s] -- Found rosidl_generator_c: 3.1.3 (/opt/ros/humble/share/rosidl_generator_c/cmake)
[0.523s] -- Found rosidl_adapter: 3.1.3 (/opt/ros/humble/share/rosidl_adapter/cmake)
[0.575s] -- Found rosidl_generator_cpp: 3.1.3 (/opt/ros/humble/share/rosidl_generator_cpp/cmake)
[0.668s] -- Using all available rosidl_typesupport_c: rosidl_typesupport_fastrtps_c;rosidl_typesupport_introspection_c
[0.750s] -- Using all available rosidl_typesupport_cpp: rosidl_typesupport_fastrtps_cpp;rosidl_typesupport_introspection_cpp
[0.891s] -- Found rmw_implementation_cmake: 6.1.0 (/opt/ros/humble/share/rmw_implementation_cmake/cmake)
[0.894s] -- Found rmw_fastrtps_cpp: 6.2.1 (/opt/ros/humble/share/rmw_fastrtps_cpp/cmake)
[1.046s] -- Using RMW implementation 'rmw_fastrtps_cpp' as default
[1.242s] -- Found controller_manager_msgs: 2.16.0 (/opt/ros/humble/share/controller_manager_msgs/cmake)
[1.375s] -- Configuring done
[1.388s] -- Generating done
[1.390s] -- Build files have been written to: /home/aadesh/proj_ws/src/build/rrbot_gazebo
[1.399s] Invoked command in '/home/aadesh/proj_ws/src/build/rrbot_gazebo' returned '0': CMAKE_PREFIX_PATH=/home/aadesh/proj_ws/src/install/rrbot_description:/home/aadesh/proj_ws/src/install/rrbot_gazebo:/opt/ros/humble /usr/bin/cmake /home/aadesh/proj_ws/src/rrbot_simulation_files/rrbot_simulation_files/rrbot_gazebo -DCMAKE_INSTALL_PREFIX=/home/aadesh/proj_ws/src/install/rrbot_gazebo
[1.399s] Invoking command in '/home/aadesh/proj_ws/src/build/rrbot_gazebo': CMAKE_PREFIX_PATH=/home/aadesh/proj_ws/src/install/rrbot_description:/home/aadesh/proj_ws/src/install/rrbot_gazebo:/opt/ros/humble /usr/bin/cmake --build /home/aadesh/proj_ws/src/build/rrbot_gazebo -- -j8 -l8
[1.443s] [35m[1mConsolidate compiler generated dependencies of target switch[0m
[1.443s] [35m[1mConsolidate compiler generated dependencies of target publisher[0m
[1.461s] [ 75%] Built target switch
[1.461s] [100%] Built target publisher
[1.472s] Invoked command in '/home/aadesh/proj_ws/src/build/rrbot_gazebo' returned '0': CMAKE_PREFIX_PATH=/home/aadesh/proj_ws/src/install/rrbot_description:/home/aadesh/proj_ws/src/install/rrbot_gazebo:/opt/ros/humble /usr/bin/cmake --build /home/aadesh/proj_ws/src/build/rrbot_gazebo -- -j8 -l8
[1.503s] Invoking command in '/home/aadesh/proj_ws/src/build/rrbot_gazebo': CMAKE_PREFIX_PATH=/home/aadesh/proj_ws/src/install/rrbot_description:/home/aadesh/proj_ws/src/install/rrbot_gazebo:/opt/ros/humble /usr/bin/cmake --install /home/aadesh/proj_ws/src/build/rrbot_gazebo
[1.511s] -- Install configuration: ""
[1.511s] -- Execute custom install script
[1.511s] -- Up-to-date symlink: /home/aadesh/proj_ws/src/install/rrbot_gazebo/lib/rrbot_gazebo/publisher
[1.512s] -- Up-to-date symlink: /home/aadesh/proj_ws/src/install/rrbot_gazebo/lib/rrbot_gazebo/switch
[1.512s] -- Up-to-date symlink: /home/aadesh/proj_ws/src/install/rrbot_gazebo/share/rrbot_gazebo/launch/rrbot_world.launch.py
[1.512s] -- Up-to-date symlink: /home/aadesh/proj_ws/src/install/rrbot_gazebo/share/rrbot_gazebo/worlds/rrbot.world
[1.512s] -- Up-to-date symlink: /home/aadesh/proj_ws/src/install/rrbot_gazebo/share/rrbot_gazebo/config/controllers.yaml
[1.513s] -- Up-to-date symlink: /home/aadesh/proj_ws/src/install/rrbot_gazebo/share/rrbot_gazebo/config/gazebo_controllers.yaml
[1.513s] -- Up-to-date symlink: /home/aadesh/proj_ws/src/install/rrbot_gazebo/share/ament_index/resource_index/package_run_dependencies/rrbot_gazebo
[1.513s] -- Up-to-date symlink: /home/aadesh/proj_ws/src/install/rrbot_gazebo/share/ament_index/resource_index/parent_prefix_path/rrbot_gazebo
[1.513s] -- Up-to-date symlink: /home/aadesh/proj_ws/src/install/rrbot_gazebo/share/rrbot_gazebo/environment/ament_prefix_path.sh
[1.513s] -- Up-to-date symlink: /home/aadesh/proj_ws/src/install/rrbot_gazebo/share/rrbot_gazebo/environment/ament_prefix_path.dsv
[1.514s] -- Up-to-date symlink: /home/aadesh/proj_ws/src/install/rrbot_gazebo/share/rrbot_gazebo/environment/path.sh
[1.514s] -- Up-to-date symlink: /home/aadesh/proj_ws/src/install/rrbot_gazebo/share/rrbot_gazebo/environment/path.dsv
[1.514s] -- Up-to-date symlink: /home/aadesh/proj_ws/src/install/rrbot_gazebo/share/rrbot_gazebo/local_setup.bash
[1.514s] -- Up-to-date symlink: /home/aadesh/proj_ws/src/install/rrbot_gazebo/share/rrbot_gazebo/local_setup.sh
[1.514s] -- Up-to-date symlink: /home/aadesh/proj_ws/src/install/rrbot_gazebo/share/rrbot_gazebo/local_setup.zsh
[1.514s] -- Up-to-date symlink: /home/aadesh/proj_ws/src/install/rrbot_gazebo/share/rrbot_gazebo/local_setup.dsv
[1.514s] -- Symlinking: /home/aadesh/proj_ws/src/install/rrbot_gazebo/share/rrbot_gazebo/package.dsv
[1.525s] -- Up-to-date symlink: /home/aadesh/proj_ws/src/install/rrbot_gazebo/share/ament_index/resource_index/packages/rrbot_gazebo
[1.525s] -- Up-to-date symlink: /home/aadesh/proj_ws/src/install/rrbot_gazebo/share/rrbot_gazebo/cmake/rrbot_gazeboConfig.cmake
[1.525s] -- Up-to-date symlink: /home/aadesh/proj_ws/src/install/rrbot_gazebo/share/rrbot_gazebo/cmake/rrbot_gazeboConfig-version.cmake
[1.526s] -- Up-to-date symlink: /home/aadesh/proj_ws/src/install/rrbot_gazebo/share/rrbot_gazebo/package.xml
[1.529s] Invoked command in '/home/aadesh/proj_ws/src/build/rrbot_gazebo' returned '0': CMAKE_PREFIX_PATH=/home/aadesh/proj_ws/src/install/rrbot_description:/home/aadesh/proj_ws/src/install/rrbot_gazebo:/opt/ros/humble /usr/bin/cmake --install /home/aadesh/proj_ws/src/build/rrbot_gazebo
