[0.008s] Invoking command in '/home/aadesh/proj_ws/src/build/rrbot_gazebo': AMENT_PREFIX_PATH=/home/aadesh/proj_ws/src/install/rrbot_description:${AMENT_PREFIX_PATH} CMAKE_PREFIX_PATH=/home/aadesh/proj_ws/src/install/rrbot_description:/home/aadesh/proj_ws/install/rrbot_gazebo:/home/aadesh/proj_ws/install/rrbot_description:/opt/ros/humble /usr/bin/cmake --build /home/aadesh/proj_ws/src/build/rrbot_gazebo -- -j8 -l8
[0.065s] [100%] Built target publisher
[0.065s] [100%] Built target switch
[0.078s] Invoked command in '/home/aadesh/proj_ws/src/build/rrbot_gazebo' returned '0': AMENT_PREFIX_PATH=/home/aadesh/proj_ws/src/install/rrbot_description:${AMENT_PREFIX_PATH} CMAKE_PREFIX_PATH=/home/aadesh/proj_ws/src/install/rrbot_description:/home/aadesh/proj_ws/install/rrbot_gazebo:/home/aadesh/proj_ws/install/rrbot_description:/opt/ros/humble /usr/bin/cmake --build /home/aadesh/proj_ws/src/build/rrbot_gazebo -- -j8 -l8
[0.108s] Invoking command in '/home/aadesh/proj_ws/src/build/rrbot_gazebo': AMENT_PREFIX_PATH=/home/aadesh/proj_ws/src/install/rrbot_description:${AMENT_PREFIX_PATH} CMAKE_PREFIX_PATH=/home/aadesh/proj_ws/src/install/rrbot_description:/home/aadesh/proj_ws/install/rrbot_gazebo:/home/aadesh/proj_ws/install/rrbot_description:/opt/ros/humble /usr/bin/cmake --install /home/aadesh/proj_ws/src/build/rrbot_gazebo
[0.115s] -- Install configuration: ""
[0.115s] -- Execute custom install script
[0.116s] -- Up-to-date symlink: /home/aadesh/proj_ws/src/install/rrbot_gazebo/lib/rrbot_gazebo/publisher
[0.116s] -- Up-to-date symlink: /home/aadesh/proj_ws/src/install/rrbot_gazebo/lib/rrbot_gazebo/switch
[0.116s] -- Up-to-date symlink: /home/aadesh/proj_ws/src/install/rrbot_gazebo/share/rrbot_gazebo/launch/rrbot_world.launch.py
[0.116s] -- Up-to-date symlink: /home/aadesh/proj_ws/src/install/rrbot_gazebo/share/rrbot_gazebo/worlds/rrbot.world
[0.117s] -- Up-to-date symlink: /home/aadesh/proj_ws/src/install/rrbot_gazebo/share/rrbot_gazebo/config/controllers.yaml
[0.117s] -- Up-to-date symlink: /home/aadesh/proj_ws/src/install/rrbot_gazebo/share/rrbot_gazebo/config/gazebo_controllers.yaml
[0.117s] -- Up-to-date symlink: /home/aadesh/proj_ws/src/install/rrbot_gazebo/share/ament_index/resource_index/package_run_dependencies/rrbot_gazebo
[0.117s] -- Up-to-date symlink: /home/aadesh/proj_ws/src/install/rrbot_gazebo/share/ament_index/resource_index/parent_prefix_path/rrbot_gazebo
[0.117s] -- Up-to-date symlink: /home/aadesh/proj_ws/src/install/rrbot_gazebo/share/rrbot_gazebo/environment/ament_prefix_path.sh
[0.118s] -- Up-to-date symlink: /home/aadesh/proj_ws/src/install/rrbot_gazebo/share/rrbot_gazebo/environment/ament_prefix_path.dsv
[0.118s] -- Up-to-date symlink: /home/aadesh/proj_ws/src/install/rrbot_gazebo/share/rrbot_gazebo/environment/path.sh
[0.118s] -- Up-to-date symlink: /home/aadesh/proj_ws/src/install/rrbot_gazebo/share/rrbot_gazebo/environment/path.dsv
[0.118s] -- Up-to-date symlink: /home/aadesh/proj_ws/src/install/rrbot_gazebo/share/rrbot_gazebo/local_setup.bash
[0.118s] -- Up-to-date symlink: /home/aadesh/proj_ws/src/install/rrbot_gazebo/share/rrbot_gazebo/local_setup.sh
[0.118s] -- Up-to-date symlink: /home/aadesh/proj_ws/src/install/rrbot_gazebo/share/rrbot_gazebo/local_setup.zsh
[0.119s] -- Up-to-date symlink: /home/aadesh/proj_ws/src/install/rrbot_gazebo/share/rrbot_gazebo/local_setup.dsv
[0.119s] -- Symlinking: /home/aadesh/proj_ws/src/install/rrbot_gazebo/share/rrbot_gazebo/package.dsv
[0.129s] -- Up-to-date symlink: /home/aadesh/proj_ws/src/install/rrbot_gazebo/share/ament_index/resource_index/packages/rrbot_gazebo
[0.129s] -- Up-to-date symlink: /home/aadesh/proj_ws/src/install/rrbot_gazebo/share/rrbot_gazebo/cmake/rrbot_gazeboConfig.cmake
[0.129s] -- Up-to-date symlink: /home/aadesh/proj_ws/src/install/rrbot_gazebo/share/rrbot_gazebo/cmake/rrbot_gazeboConfig-version.cmake
[0.129s] -- Up-to-date symlink: /home/aadesh/proj_ws/src/install/rrbot_gazebo/share/rrbot_gazebo/package.xml
[0.135s] Invoked command in '/home/aadesh/proj_ws/src/build/rrbot_gazebo' returned '0': AMENT_PREFIX_PATH=/home/aadesh/proj_ws/src/install/rrbot_description:${AMENT_PREFIX_PATH} CMAKE_PREFIX_PATH=/home/aadesh/proj_ws/src/install/rrbot_description:/home/aadesh/proj_ws/install/rrbot_gazebo:/home/aadesh/proj_ws/install/rrbot_description:/opt/ros/humble /usr/bin/cmake --install /home/aadesh/proj_ws/src/build/rrbot_gazebo
