[0.023s] Invoking command in '/home/aadesh/proj_ws/src/build/rrbot_description': CMAKE_PREFIX_PATH=${CMAKE_PREFIX_PATH}:/opt/ros/humble /usr/bin/cmake --build /home/aadesh/proj_ws/src/build/rrbot_description -- -j8 -l8
[0.281s] Invoked command in '/home/aadesh/proj_ws/src/build/rrbot_description' returned '0': CMAKE_PREFIX_PATH=${CMAKE_PREFIX_PATH}:/opt/ros/humble /usr/bin/cmake --build /home/aadesh/proj_ws/src/build/rrbot_description -- -j8 -l8
[0.314s] Invoking command in '/home/aadesh/proj_ws/src/build/rrbot_description': CMAKE_PREFIX_PATH=${CMAKE_PREFIX_PATH}:/opt/ros/humble /usr/bin/cmake --install /home/aadesh/proj_ws/src/build/rrbot_description
[0.323s] -- Install configuration: ""
[0.324s] -- Execute custom install script
[0.324s] -- Up-to-date symlink: /home/aadesh/proj_ws/src/install/rrbot_description/share/rrbot_description/config/rrbot.rviz
[0.324s] -- Up-to-date symlink: /home/aadesh/proj_ws/src/install/rrbot_description/share/rrbot_description/gazebo/rrbot.gazebo.xacro
[0.324s] -- Up-to-date symlink: /home/aadesh/proj_ws/src/install/rrbot_description/share/rrbot_description/gazebo/rrbot.materials.xacro
[0.325s] -- Up-to-date symlink: /home/aadesh/proj_ws/src/install/rrbot_description/share/rrbot_description/meshes/hokuyo.dae
[0.325s] -- Up-to-date symlink: /home/aadesh/proj_ws/src/install/rrbot_description/share/rrbot_description/launch/view_robot.launch.py
[0.325s] -- Up-to-date symlink: /home/aadesh/proj_ws/src/install/rrbot_description/share/rrbot_description/ros2_control/rrbot.ros2_control.xacro
[0.325s] -- Up-to-date symlink: /home/aadesh/proj_ws/src/install/rrbot_description/share/rrbot_description/urdf/rrbot.urdf.xacro
[0.326s] -- Up-to-date symlink: /home/aadesh/proj_ws/src/install/rrbot_description/share/rrbot_description/urdf/rrbot_description.urdf.xacro
[0.326s] -- Up-to-date symlink: /home/aadesh/proj_ws/src/install/rrbot_description/share/rrbot_description/environment/rrbot_description.dsv
[0.326s] -- Up-to-date symlink: /home/aadesh/proj_ws/src/install/rrbot_description/share/ament_index/resource_index/package_run_dependencies/rrbot_description
[0.326s] -- Up-to-date symlink: /home/aadesh/proj_ws/src/install/rrbot_description/share/ament_index/resource_index/parent_prefix_path/rrbot_description
[0.326s] -- Up-to-date symlink: /home/aadesh/proj_ws/src/install/rrbot_description/share/rrbot_description/environment/ament_prefix_path.sh
[0.327s] -- Up-to-date symlink: /home/aadesh/proj_ws/src/install/rrbot_description/share/rrbot_description/environment/ament_prefix_path.dsv
[0.327s] -- Up-to-date symlink: /home/aadesh/proj_ws/src/install/rrbot_description/share/rrbot_description/environment/path.sh
[0.327s] -- Up-to-date symlink: /home/aadesh/proj_ws/src/install/rrbot_description/share/rrbot_description/environment/path.dsv
[0.327s] -- Up-to-date symlink: /home/aadesh/proj_ws/src/install/rrbot_description/share/rrbot_description/local_setup.bash
[0.328s] -- Up-to-date symlink: /home/aadesh/proj_ws/src/install/rrbot_description/share/rrbot_description/local_setup.sh
[0.328s] -- Up-to-date symlink: /home/aadesh/proj_ws/src/install/rrbot_description/share/rrbot_description/local_setup.zsh
[0.328s] -- Up-to-date symlink: /home/aadesh/proj_ws/src/install/rrbot_description/share/rrbot_description/local_setup.dsv
[0.328s] -- Symlinking: /home/aadesh/proj_ws/src/install/rrbot_description/share/rrbot_description/package.dsv
[0.337s] -- Up-to-date symlink: /home/aadesh/proj_ws/src/install/rrbot_description/share/ament_index/resource_index/packages/rrbot_description
[0.338s] -- Up-to-date symlink: /home/aadesh/proj_ws/src/install/rrbot_description/share/rrbot_description/cmake/rrbot_descriptionConfig.cmake
[0.338s] -- Up-to-date symlink: /home/aadesh/proj_ws/src/install/rrbot_description/share/rrbot_description/cmake/rrbot_descriptionConfig-version.cmake
[0.338s] -- Up-to-date symlink: /home/aadesh/proj_ws/src/install/rrbot_description/share/rrbot_description/package.xml
[0.340s] Invoked command in '/home/aadesh/proj_ws/src/build/rrbot_description' returned '0': CMAKE_PREFIX_PATH=${CMAKE_PREFIX_PATH}:/opt/ros/humble /usr/bin/cmake --install /home/aadesh/proj_ws/src/build/rrbot_description
