[0.631s] Invoking command in '/home/aadesh/proj_ws/src/FK': PYTHONPATH=/home/aadesh/proj_ws/src/install/FK/lib/python3.10/site-packages:${PYTHONPATH} /usr/bin/python3 setup.py egg_info --egg-base ../build/FK build --build-base /home/aadesh/proj_ws/src/build/FK/build install --prefix /home/aadesh/proj_ws/src/install/FK --record /home/aadesh/proj_ws/src/build/FK/install.log --single-version-externally-managed
[0.869s] running egg_info
[0.869s] creating ../build/FK/FK.egg-info
[0.870s] writing ../build/FK/FK.egg-info/PKG-INFO
[0.870s] writing dependency_links to ../build/FK/FK.egg-info/dependency_links.txt
[0.870s] writing entry points to ../build/FK/FK.egg-info/entry_points.txt
[0.870s] writing requirements to ../build/FK/FK.egg-info/requires.txt
[0.870s] writing top-level names to ../build/FK/FK.egg-info/top_level.txt
[0.870s] writing manifest file '../build/FK/FK.egg-info/SOURCES.txt'
[0.873s] reading manifest file '../build/FK/FK.egg-info/SOURCES.txt'
[0.873s] writing manifest file '../build/FK/FK.egg-info/SOURCES.txt'
[0.873s] running build
[0.873s] running build_py
[0.874s] creating /home/aadesh/proj_ws/src/build/FK/build
[0.874s] creating /home/aadesh/proj_ws/src/build/FK/build/lib
[0.874s] creating /home/aadesh/proj_ws/src/build/FK/build/lib/FK
[0.874s] copying FK/end_pose.py -> /home/aadesh/proj_ws/src/build/FK/build/lib/FK
[0.874s] copying FK/__init__.py -> /home/aadesh/proj_ws/src/build/FK/build/lib/FK
[0.874s] running install
[0.874s] /usr/lib/python3/dist-packages/setuptools/command/install.py:34: SetuptoolsDeprecationWarning: setup.py install is deprecated. Use build and pip and other standards-based tools.
[0.874s]   warnings.warn(
[0.875s] running install_lib
[0.875s] creating /home/aadesh/proj_ws/src/install/FK/lib/python3.10/site-packages/FK
[0.875s] copying /home/aadesh/proj_ws/src/build/FK/build/lib/FK/end_pose.py -> /home/aadesh/proj_ws/src/install/FK/lib/python3.10/site-packages/FK
[0.876s] copying /home/aadesh/proj_ws/src/build/FK/build/lib/FK/__init__.py -> /home/aadesh/proj_ws/src/install/FK/lib/python3.10/site-packages/FK
[0.876s] byte-compiling /home/aadesh/proj_ws/src/install/FK/lib/python3.10/site-packages/FK/end_pose.py to end_pose.cpython-310.pyc
[0.877s] byte-compiling /home/aadesh/proj_ws/src/install/FK/lib/python3.10/site-packages/FK/__init__.py to __init__.cpython-310.pyc
[0.877s] running install_data
[0.878s] creating /home/aadesh/proj_ws/src/install/FK/share/ament_index
[0.878s] creating /home/aadesh/proj_ws/src/install/FK/share/ament_index/resource_index
[0.878s] creating /home/aadesh/proj_ws/src/install/FK/share/ament_index/resource_index/packages
[0.878s] copying resource/FK -> /home/aadesh/proj_ws/src/install/FK/share/ament_index/resource_index/packages
[0.878s] copying package.xml -> /home/aadesh/proj_ws/src/install/FK/share/FK
[0.878s] running install_egg_info
[0.880s] Copying ../build/FK/FK.egg-info to /home/aadesh/proj_ws/src/install/FK/lib/python3.10/site-packages/FK-0.0.0-py3.10.egg-info
[0.881s] running install_scripts
[0.902s] Installing listener script to /home/aadesh/proj_ws/src/install/FK/lib/FK
[0.902s] writing list of installed files to '/home/aadesh/proj_ws/src/build/FK/install.log'
[0.930s] Invoked command in '/home/aadesh/proj_ws/src/FK' returned '0': PYTHONPATH=/home/aadesh/proj_ws/src/install/FK/lib/python3.10/site-packages:${PYTHONPATH} /usr/bin/python3 setup.py egg_info --egg-base ../build/FK build --build-base /home/aadesh/proj_ws/src/build/FK/build install --prefix /home/aadesh/proj_ws/src/install/FK --record /home/aadesh/proj_ws/src/build/FK/install.log --single-version-externally-managed
