[0.638s] Invoking command in '/home/aadesh/proj_ws/src/FK': PYTHONPATH=/home/aadesh/proj_ws/src/install/FK/lib/python3.10/site-packages:${PYTHONPATH} /usr/bin/python3 setup.py egg_info --egg-base ../build/FK build --build-base /home/aadesh/proj_ws/src/build/FK/build install --prefix /home/aadesh/proj_ws/src/install/FK --record /home/aadesh/proj_ws/src/build/FK/install.log --single-version-externally-managed
[0.877s] running egg_info
[0.878s] writing ../build/FK/FK.egg-info/PKG-INFO
[0.878s] writing dependency_links to ../build/FK/FK.egg-info/dependency_links.txt
[0.878s] writing entry points to ../build/FK/FK.egg-info/entry_points.txt
[0.878s] writing requirements to ../build/FK/FK.egg-info/requires.txt
[0.878s] writing top-level names to ../build/FK/FK.egg-info/top_level.txt
[0.880s] reading manifest file '../build/FK/FK.egg-info/SOURCES.txt'
[0.881s] writing manifest file '../build/FK/FK.egg-info/SOURCES.txt'
[0.881s] running build
[0.881s] running build_py
[0.881s] running install
[0.881s] /usr/lib/python3/dist-packages/setuptools/command/install.py:34: SetuptoolsDeprecationWarning: setup.py install is deprecated. Use build and pip and other standards-based tools.
[0.881s]   warnings.warn(
[0.881s] running install_lib
[0.882s] byte-compiling /home/aadesh/proj_ws/src/install/FK/lib/python3.10/site-packages/FK/end_pose.py to end_pose.cpython-310.pyc
[0.883s] running install_data
[0.884s] running install_egg_info
[0.885s] removing '/home/aadesh/proj_ws/src/install/FK/lib/python3.10/site-packages/FK-0.0.0-py3.10.egg-info' (and everything under it)
[0.885s] Copying ../build/FK/FK.egg-info to /home/aadesh/proj_ws/src/install/FK/lib/python3.10/site-packages/FK-0.0.0-py3.10.egg-info
[0.886s] running install_scripts
[0.906s] Installing listener script to /home/aadesh/proj_ws/src/install/FK/lib/FK
[0.906s] writing list of installed files to '/home/aadesh/proj_ws/src/build/FK/install.log'
[0.935s] Invoked command in '/home/aadesh/proj_ws/src/FK' returned '0': PYTHONPATH=/home/aadesh/proj_ws/src/install/FK/lib/python3.10/site-packages:${PYTHONPATH} /usr/bin/python3 setup.py egg_info --egg-base ../build/FK build --build-base /home/aadesh/proj_ws/src/build/FK/build install --prefix /home/aadesh/proj_ws/src/install/FK --record /home/aadesh/proj_ws/src/build/FK/install.log --single-version-externally-managed
