[0.007s] Invoking command in '/home/aadesh/proj_ws/src/build/rrbot_gazebo': AMENT_PREFIX_PATH=/home/aadesh/proj_ws/src/install/rrbot_description:${AMENT_PREFIX_PATH} CMAKE_PREFIX_PATH=/home/aadesh/proj_ws/src/install/rrbot_description:/opt/ros/humble /usr/bin/cmake /home/aadesh/proj_ws/src/rrbot_simulation_files/rrbot_simulation_files/rrbot_gazebo -DAMENT_CMAKE_SYMLINK_INSTALL=1 -DCMAKE_INSTALL_PREFIX=/home/aadesh/proj_ws/src/install/rrbot_gazebo
[0.065s] -- The C compiler identification is GNU 11.3.0
[0.126s] -- The CXX compiler identification is GNU 11.3.0
[0.133s] -- Detecting C compiler ABI info
[0.204s] -- Detecting C compiler ABI info - done
[0.212s] -- Check for working C compiler: /usr/bin/cc - skipped
[0.213s] -- Detecting C compile features
[0.213s] -- Detecting C compile features - done
[0.216s] -- Detecting CXX compiler ABI info
[0.299s] -- Detecting CXX compiler ABI info - done
[0.308s] -- Check for working CXX compiler: /usr/bin/c++ - skipped
[0.308s] -- Detecting CXX compile features
[0.309s] -- Detecting CXX compile features - done
[0.311s] -- Found ament_cmake: 1.3.2 (/opt/ros/humble/share/ament_cmake/cmake)
[0.483s] -- Found Python3: /usr/bin/python3.10 (found version "3.10.6") found components: Interpreter 
[0.546s] -- Override CMake install command with custom implementation using symlinks instead of copying resources
[0.572s] -- Found rclcpp: 16.0.1 (/opt/ros/humble/share/rclcpp/cmake)
[0.623s] -- Found rosidl_generator_c: 3.1.3 (/opt/ros/humble/share/rosidl_generator_c/cmake)
[0.628s] -- Found rosidl_adapter: 3.1.3 (/opt/ros/humble/share/rosidl_adapter/cmake)
[0.636s] -- Found rosidl_generator_cpp: 3.1.3 (/opt/ros/humble/share/rosidl_generator_cpp/cmake)
[0.651s] -- Using all available rosidl_typesupport_c: rosidl_typesupport_fastrtps_c;rosidl_typesupport_introspection_c
[0.671s] -- Using all available rosidl_typesupport_cpp: rosidl_typesupport_fastrtps_cpp;rosidl_typesupport_introspection_cpp
[0.749s] -- Found rmw_implementation_cmake: 6.1.0 (/opt/ros/humble/share/rmw_implementation_cmake/cmake)
[0.751s] -- Found rmw_fastrtps_cpp: 6.2.1 (/opt/ros/humble/share/rmw_fastrtps_cpp/cmake)
[0.886s] -- Found OpenSSL: /usr/lib/x86_64-linux-gnu/libcrypto.so (found version "3.0.2")  
[0.926s] -- Found FastRTPS: /opt/ros/humble/include  
[0.977s] -- Using RMW implementation 'rmw_fastrtps_cpp' as default
[1.163s] -- Found controller_manager_msgs: 2.16.0 (/opt/ros/humble/share/controller_manager_msgs/cmake)
[1.298s] -- Configuring done
[1.380s] -- Generating done
[1.385s] -- Build files have been written to: /home/aadesh/proj_ws/src/build/rrbot_gazebo
[1.396s] Invoked command in '/home/aadesh/proj_ws/src/build/rrbot_gazebo' returned '0': AMENT_PREFIX_PATH=/home/aadesh/proj_ws/src/install/rrbot_description:${AMENT_PREFIX_PATH} CMAKE_PREFIX_PATH=/home/aadesh/proj_ws/src/install/rrbot_description:/opt/ros/humble /usr/bin/cmake /home/aadesh/proj_ws/src/rrbot_simulation_files/rrbot_simulation_files/rrbot_gazebo -DAMENT_CMAKE_SYMLINK_INSTALL=1 -DCMAKE_INSTALL_PREFIX=/home/aadesh/proj_ws/src/install/rrbot_gazebo
[1.399s] Invoking command in '/home/aadesh/proj_ws/src/build/rrbot_gazebo': AMENT_PREFIX_PATH=/home/aadesh/proj_ws/src/install/rrbot_description:${AMENT_PREFIX_PATH} CMAKE_PREFIX_PATH=/home/aadesh/proj_ws/src/install/rrbot_description:/opt/ros/humble /usr/bin/cmake --build /home/aadesh/proj_ws/src/build/rrbot_gazebo -- -j8 -l8
[1.452s] [ 50%] [32mBuilding CXX object CMakeFiles/switch.dir/src/controller_switch.cpp.o[0m
[1.452s] [ 50%] [32mBuilding CXX object CMakeFiles/publisher.dir/src/position_publisher.cpp.o[0m
[5.542s] [ 75%] [32m[1mLinking CXX executable switch[0m
[6.079s] [ 75%] Built target switch
[6.460s] [100%] [32m[1mLinking CXX executable publisher[0m
[6.685s] [100%] Built target publisher
[6.698s] Invoked command in '/home/aadesh/proj_ws/src/build/rrbot_gazebo' returned '0': AMENT_PREFIX_PATH=/home/aadesh/proj_ws/src/install/rrbot_description:${AMENT_PREFIX_PATH} CMAKE_PREFIX_PATH=/home/aadesh/proj_ws/src/install/rrbot_description:/opt/ros/humble /usr/bin/cmake --build /home/aadesh/proj_ws/src/build/rrbot_gazebo -- -j8 -l8
[6.730s] Invoking command in '/home/aadesh/proj_ws/src/build/rrbot_gazebo': AMENT_PREFIX_PATH=/home/aadesh/proj_ws/src/install/rrbot_description:${AMENT_PREFIX_PATH} CMAKE_PREFIX_PATH=/home/aadesh/proj_ws/src/install/rrbot_description:/opt/ros/humble /usr/bin/cmake --install /home/aadesh/proj_ws/src/build/rrbot_gazebo
[6.738s] -- Install configuration: ""
[6.739s] -- Execute custom install script
[6.739s] -- Symlinking: /home/aadesh/proj_ws/src/install/rrbot_gazebo/lib/rrbot_gazebo/publisher
[6.748s] -- Symlinking: /home/aadesh/proj_ws/src/install/rrbot_gazebo/lib/rrbot_gazebo/switch
[6.758s] -- Symlinking: /home/aadesh/proj_ws/src/install/rrbot_gazebo/share/rrbot_gazebo/launch/rrbot_world.launch.py
[6.767s] -- Symlinking: /home/aadesh/proj_ws/src/install/rrbot_gazebo/share/rrbot_gazebo/worlds/rrbot.world
[6.776s] -- Symlinking: /home/aadesh/proj_ws/src/install/rrbot_gazebo/share/rrbot_gazebo/config/controllers.yaml
[6.785s] -- Symlinking: /home/aadesh/proj_ws/src/install/rrbot_gazebo/share/rrbot_gazebo/config/gazebo_controllers.yaml
[6.793s] -- Symlinking: /home/aadesh/proj_ws/src/install/rrbot_gazebo/share/ament_index/resource_index/package_run_dependencies/rrbot_gazebo
[6.803s] -- Symlinking: /home/aadesh/proj_ws/src/install/rrbot_gazebo/share/ament_index/resource_index/parent_prefix_path/rrbot_gazebo
[6.812s] -- Symlinking: /home/aadesh/proj_ws/src/install/rrbot_gazebo/share/rrbot_gazebo/environment/ament_prefix_path.sh
[6.820s] -- Symlinking: /home/aadesh/proj_ws/src/install/rrbot_gazebo/share/rrbot_gazebo/environment/ament_prefix_path.dsv
[6.829s] -- Symlinking: /home/aadesh/proj_ws/src/install/rrbot_gazebo/share/rrbot_gazebo/environment/path.sh
[6.838s] -- Symlinking: /home/aadesh/proj_ws/src/install/rrbot_gazebo/share/rrbot_gazebo/environment/path.dsv
[6.847s] -- Symlinking: /home/aadesh/proj_ws/src/install/rrbot_gazebo/share/rrbot_gazebo/local_setup.bash
[6.856s] -- Symlinking: /home/aadesh/proj_ws/src/install/rrbot_gazebo/share/rrbot_gazebo/local_setup.sh
[6.864s] -- Symlinking: /home/aadesh/proj_ws/src/install/rrbot_gazebo/share/rrbot_gazebo/local_setup.zsh
[6.872s] -- Symlinking: /home/aadesh/proj_ws/src/install/rrbot_gazebo/share/rrbot_gazebo/local_setup.dsv
[6.881s] -- Symlinking: /home/aadesh/proj_ws/src/install/rrbot_gazebo/share/rrbot_gazebo/package.dsv
[6.890s] -- Symlinking: /home/aadesh/proj_ws/src/install/rrbot_gazebo/share/ament_index/resource_index/packages/rrbot_gazebo
[6.900s] -- Symlinking: /home/aadesh/proj_ws/src/install/rrbot_gazebo/share/rrbot_gazebo/cmake/rrbot_gazeboConfig.cmake
[6.908s] -- Symlinking: /home/aadesh/proj_ws/src/install/rrbot_gazebo/share/rrbot_gazebo/cmake/rrbot_gazeboConfig-version.cmake
[6.917s] -- Symlinking: /home/aadesh/proj_ws/src/install/rrbot_gazebo/share/rrbot_gazebo/package.xml
[6.927s] Invoked command in '/home/aadesh/proj_ws/src/build/rrbot_gazebo' returned '0': AMENT_PREFIX_PATH=/home/aadesh/proj_ws/src/install/rrbot_description:${AMENT_PREFIX_PATH} CMAKE_PREFIX_PATH=/home/aadesh/proj_ws/src/install/rrbot_description:/opt/ros/humble /usr/bin/cmake --install /home/aadesh/proj_ws/src/build/rrbot_gazebo
