[0.013s] Invoking command in '/home/aadesh/proj_ws/src/build/rrbot_description': CMAKE_PREFIX_PATH=/opt/ros/humble /usr/bin/cmake --build /home/aadesh/proj_ws/src/build/rrbot_description -- -j8 -l8
[0.051s] Invoked command in '/home/aadesh/proj_ws/src/build/rrbot_description' returned '0': CMAKE_PREFIX_PATH=/opt/ros/humble /usr/bin/cmake --build /home/aadesh/proj_ws/src/build/rrbot_description -- -j8 -l8
[0.086s] Invoking command in '/home/aadesh/proj_ws/src/build/rrbot_description': CMAKE_PREFIX_PATH=/opt/ros/humble /usr/bin/cmake --install /home/aadesh/proj_ws/src/build/rrbot_description
[0.094s] -- Install configuration: ""
[0.095s] -- Execute custom install script
[0.095s] -- Up-to-date symlink: /home/aadesh/proj_ws/src/install/rrbot_description/share/rrbot_description/config/rrbot.rviz
[0.095s] -- Up-to-date symlink: /home/aadesh/proj_ws/src/install/rrbot_description/share/rrbot_description/gazebo/rrbot.gazebo.xacro
[0.096s] -- Up-to-date symlink: /home/aadesh/proj_ws/src/install/rrbot_description/share/rrbot_description/gazebo/rrbot.materials.xacro
[0.096s] -- Up-to-date symlink: /home/aadesh/proj_ws/src/install/rrbot_description/share/rrbot_description/meshes/hokuyo.dae
[0.096s] -- Up-to-date symlink: /home/aadesh/proj_ws/src/install/rrbot_description/share/rrbot_description/launch/view_robot.launch.py
[0.097s] -- Up-to-date symlink: /home/aadesh/proj_ws/src/install/rrbot_description/share/rrbot_description/ros2_control/rrbot.ros2_control.xacro
[0.097s] -- Up-to-date symlink: /home/aadesh/proj_ws/src/install/rrbot_description/share/rrbot_description/urdf/rrbot.urdf.xacro
[0.097s] -- Up-to-date symlink: /home/aadesh/proj_ws/src/install/rrbot_description/share/rrbot_description/urdf/rrbot_description.urdf.xacro
[0.097s] -- Up-to-date symlink: /home/aadesh/proj_ws/src/install/rrbot_description/share/rrbot_description/environment/rrbot_description.dsv
[0.098s] -- Up-to-date symlink: /home/aadesh/proj_ws/src/install/rrbot_description/share/ament_index/resource_index/package_run_dependencies/rrbot_description
[0.098s] -- Up-to-date symlink: /home/aadesh/proj_ws/src/install/rrbot_description/share/ament_index/resource_index/parent_prefix_path/rrbot_description
[0.098s] -- Up-to-date symlink: /home/aadesh/proj_ws/src/install/rrbot_description/share/rrbot_description/environment/ament_prefix_path.sh
[0.099s] -- Up-to-date symlink: /home/aadesh/proj_ws/src/install/rrbot_description/share/rrbot_description/environment/ament_prefix_path.dsv
[0.099s] -- Up-to-date symlink: /home/aadesh/proj_ws/src/install/rrbot_description/share/rrbot_description/environment/path.sh
[0.099s] -- Up-to-date symlink: /home/aadesh/proj_ws/src/install/rrbot_description/share/rrbot_description/environment/path.dsv
[0.099s] -- Up-to-date symlink: /home/aadesh/proj_ws/src/install/rrbot_description/share/rrbot_description/local_setup.bash
[0.100s] -- Up-to-date symlink: /home/aadesh/proj_ws/src/install/rrbot_description/share/rrbot_description/local_setup.sh
[0.100s] -- Up-to-date symlink: /home/aadesh/proj_ws/src/install/rrbot_description/share/rrbot_description/local_setup.zsh
[0.100s] -- Up-to-date symlink: /home/aadesh/proj_ws/src/install/rrbot_description/share/rrbot_description/local_setup.dsv
[0.101s] -- Symlinking: /home/aadesh/proj_ws/src/install/rrbot_description/share/rrbot_description/package.dsv
[0.111s] -- Up-to-date symlink: /home/aadesh/proj_ws/src/install/rrbot_description/share/ament_index/resource_index/packages/rrbot_description
[0.111s] -- Up-to-date symlink: /home/aadesh/proj_ws/src/install/rrbot_description/share/rrbot_description/cmake/rrbot_descriptionConfig.cmake
[0.111s] -- Up-to-date symlink: /home/aadesh/proj_ws/src/install/rrbot_description/share/rrbot_description/cmake/rrbot_descriptionConfig-version.cmake
[0.111s] -- Up-to-date symlink: /home/aadesh/proj_ws/src/install/rrbot_description/share/rrbot_description/package.xml
[0.114s] Invoked command in '/home/aadesh/proj_ws/src/build/rrbot_description' returned '0': CMAKE_PREFIX_PATH=/opt/ros/humble /usr/bin/cmake --install /home/aadesh/proj_ws/src/build/rrbot_description
