[0.013s] Invoking command in '/home/aadesh/proj_ws/src/build/rrbot_gazebo': CMAKE_PREFIX_PATH=/home/aadesh/proj_ws/src/install/rrbot_description:/home/aadesh/proj_ws/src/install/rrbot_gazebo:/home/aadesh/proj_ws/install/rrbot_gazebo:/home/aadesh/proj_ws/install/rrbot_description:/home/aadesh/proj_ws/src/install/FK:/opt/ros/humble /usr/bin/cmake --build /home/aadesh/proj_ws/src/build/rrbot_gazebo -- -j8 -l8
[0.072s] [100%] Built target publisher
[0.072s] [100%] Built target switch
[0.083s] Invoked command in '/home/aadesh/proj_ws/src/build/rrbot_gazebo' returned '0': CMAKE_PREFIX_PATH=/home/aadesh/proj_ws/src/install/rrbot_description:/home/aadesh/proj_ws/src/install/rrbot_gazebo:/home/aadesh/proj_ws/install/rrbot_gazebo:/home/aadesh/proj_ws/install/rrbot_description:/home/aadesh/proj_ws/src/install/FK:/opt/ros/humble /usr/bin/cmake --build /home/aadesh/proj_ws/src/build/rrbot_gazebo -- -j8 -l8
[0.115s] Invoking command in '/home/aadesh/proj_ws/src/build/rrbot_gazebo': CMAKE_PREFIX_PATH=/home/aadesh/proj_ws/src/install/rrbot_description:/home/aadesh/proj_ws/src/install/rrbot_gazebo:/home/aadesh/proj_ws/install/rrbot_gazebo:/home/aadesh/proj_ws/install/rrbot_description:/home/aadesh/proj_ws/src/install/FK:/opt/ros/humble /usr/bin/cmake --install /home/aadesh/proj_ws/src/build/rrbot_gazebo
[0.123s] -- Install configuration: ""
[0.124s] -- Execute custom install script
[0.124s] -- Up-to-date symlink: /home/aadesh/proj_ws/src/install/rrbot_gazebo/lib/rrbot_gazebo/publisher
[0.124s] -- Up-to-date symlink: /home/aadesh/proj_ws/src/install/rrbot_gazebo/lib/rrbot_gazebo/switch
[0.125s] -- Up-to-date symlink: /home/aadesh/proj_ws/src/install/rrbot_gazebo/share/rrbot_gazebo/launch/rrbot_world.launch.py
[0.125s] -- Up-to-date symlink: /home/aadesh/proj_ws/src/install/rrbot_gazebo/share/rrbot_gazebo/worlds/rrbot.world
[0.125s] -- Up-to-date symlink: /home/aadesh/proj_ws/src/install/rrbot_gazebo/share/rrbot_gazebo/config/controllers.yaml
[0.125s] -- Up-to-date symlink: /home/aadesh/proj_ws/src/install/rrbot_gazebo/share/rrbot_gazebo/config/gazebo_controllers.yaml
[0.126s] -- Up-to-date symlink: /home/aadesh/proj_ws/src/install/rrbot_gazebo/share/ament_index/resource_index/package_run_dependencies/rrbot_gazebo
[0.126s] -- Up-to-date symlink: /home/aadesh/proj_ws/src/install/rrbot_gazebo/share/ament_index/resource_index/parent_prefix_path/rrbot_gazebo
[0.126s] -- Up-to-date symlink: /home/aadesh/proj_ws/src/install/rrbot_gazebo/share/rrbot_gazebo/environment/ament_prefix_path.sh
[0.126s] -- Up-to-date symlink: /home/aadesh/proj_ws/src/install/rrbot_gazebo/share/rrbot_gazebo/environment/ament_prefix_path.dsv
[0.126s] -- Up-to-date symlink: /home/aadesh/proj_ws/src/install/rrbot_gazebo/share/rrbot_gazebo/environment/path.sh
[0.126s] -- Up-to-date symlink: /home/aadesh/proj_ws/src/install/rrbot_gazebo/share/rrbot_gazebo/environment/path.dsv
[0.127s] -- Up-to-date symlink: /home/aadesh/proj_ws/src/install/rrbot_gazebo/share/rrbot_gazebo/local_setup.bash
[0.127s] -- Up-to-date symlink: /home/aadesh/proj_ws/src/install/rrbot_gazebo/share/rrbot_gazebo/local_setup.sh
[0.127s] -- Up-to-date symlink: /home/aadesh/proj_ws/src/install/rrbot_gazebo/share/rrbot_gazebo/local_setup.zsh
[0.127s] -- Up-to-date symlink: /home/aadesh/proj_ws/src/install/rrbot_gazebo/share/rrbot_gazebo/local_setup.dsv
[0.127s] -- Symlinking: /home/aadesh/proj_ws/src/install/rrbot_gazebo/share/rrbot_gazebo/package.dsv
[0.137s] -- Up-to-date symlink: /home/aadesh/proj_ws/src/install/rrbot_gazebo/share/ament_index/resource_index/packages/rrbot_gazebo
[0.137s] -- Up-to-date symlink: /home/aadesh/proj_ws/src/install/rrbot_gazebo/share/rrbot_gazebo/cmake/rrbot_gazeboConfig.cmake
[0.138s] -- Up-to-date symlink: /home/aadesh/proj_ws/src/install/rrbot_gazebo/share/rrbot_gazebo/cmake/rrbot_gazeboConfig-version.cmake
[0.138s] -- Up-to-date symlink: /home/aadesh/proj_ws/src/install/rrbot_gazebo/share/rrbot_gazebo/package.xml
[0.143s] Invoked command in '/home/aadesh/proj_ws/src/build/rrbot_gazebo' returned '0': CMAKE_PREFIX_PATH=/home/aadesh/proj_ws/src/install/rrbot_description:/home/aadesh/proj_ws/src/install/rrbot_gazebo:/home/aadesh/proj_ws/install/rrbot_gazebo:/home/aadesh/proj_ws/install/rrbot_description:/home/aadesh/proj_ws/src/install/FK:/opt/ros/humble /usr/bin/cmake --install /home/aadesh/proj_ws/src/build/rrbot_gazebo
