running egg_info
writing ../build/FK/FK.egg-info/PKG-INFO
writing dependency_links to ../build/FK/FK.egg-info/dependency_links.txt
writing entry points to ../build/FK/FK.egg-info/entry_points.txt
writing requirements to ../build/FK/FK.egg-info/requires.txt
writing top-level names to ../build/FK/FK.egg-info/top_level.txt
reading manifest file '../build/FK/FK.egg-info/SOURCES.txt'
writing manifest file '../build/FK/FK.egg-info/SOURCES.txt'
running build
running build_py
running install
/usr/lib/python3/dist-packages/setuptools/command/install.py:34: SetuptoolsDeprecationWarning: setup.py install is deprecated. Use build and pip and other standards-based tools.
  warnings.warn(
running install_lib
byte-compiling /home/aadesh/proj_ws/src/install/FK/lib/python3.10/site-packages/FK/end_pose.py to end_pose.cpython-310.pyc
running install_data
copying package.xml -> /home/aadesh/proj_ws/src/install/FK/share/FK
running install_egg_info
removing '/home/aadesh/proj_ws/src/install/FK/lib/python3.10/site-packages/FK-0.0.0-py3.10.egg-info' (and everything under it)
Copying ../build/FK/FK.egg-info to /home/aadesh/proj_ws/src/install/FK/lib/python3.10/site-packages/FK-0.0.0-py3.10.egg-info
running install_scripts
Installing listener script to /home/aadesh/proj_ws/src/install/FK/lib/FK
writing list of installed files to '/home/aadesh/proj_ws/src/build/FK/install.log'
