[0.139s] Invoking command in '/home/aadesh/proj_ws/src/build/rrbot_gazebo': AMENT_PREFIX_PATH=/home/aadesh/proj_ws/src/install/rrbot_description:${AMENT_PREFIX_PATH} CMAKE_PREFIX_PATH=/home/aadesh/proj_ws/src/install/rrbot_description:/opt/ros/humble /usr/bin/cmake --build /home/aadesh/proj_ws/src/build/rrbot_gazebo -- -j8 -l8
[0.965s] [ 50%] Built target publisher
[0.970s] [100%] Built target switch
[0.986s] Invoked command in '/home/aadesh/proj_ws/src/build/rrbot_gazebo' returned '0': AMENT_PREFIX_PATH=/home/aadesh/proj_ws/src/install/rrbot_description:${AMENT_PREFIX_PATH} CMAKE_PREFIX_PATH=/home/aadesh/proj_ws/src/install/rrbot_description:/opt/ros/humble /usr/bin/cmake --build /home/aadesh/proj_ws/src/build/rrbot_gazebo -- -j8 -l8
[1.017s] Invoking command in '/home/aadesh/proj_ws/src/build/rrbot_gazebo': AMENT_PREFIX_PATH=/home/aadesh/proj_ws/src/install/rrbot_description:${AMENT_PREFIX_PATH} CMAKE_PREFIX_PATH=/home/aadesh/proj_ws/src/install/rrbot_description:/opt/ros/humble /usr/bin/cmake --install /home/aadesh/proj_ws/src/build/rrbot_gazebo
[1.027s] -- Install configuration: ""
[1.074s] -- Execute custom install script
[1.078s] -- Up-to-date symlink: /home/aadesh/proj_ws/src/install/rrbot_gazebo/lib/rrbot_gazebo/publisher
[1.079s] -- Up-to-date symlink: /home/aadesh/proj_ws/src/install/rrbot_gazebo/lib/rrbot_gazebo/switch
[1.083s] -- Up-to-date symlink: /home/aadesh/proj_ws/src/install/rrbot_gazebo/share/rrbot_gazebo/launch/rrbot_world.launch.py
[1.085s] -- Up-to-date symlink: /home/aadesh/proj_ws/src/install/rrbot_gazebo/share/rrbot_gazebo/worlds/rrbot.world
[1.087s] -- Up-to-date symlink: /home/aadesh/proj_ws/src/install/rrbot_gazebo/share/rrbot_gazebo/config/controllers.yaml
[1.088s] -- Up-to-date symlink: /home/aadesh/proj_ws/src/install/rrbot_gazebo/share/rrbot_gazebo/config/gazebo_controllers.yaml
[1.090s] -- Up-to-date symlink: /home/aadesh/proj_ws/src/install/rrbot_gazebo/share/ament_index/resource_index/package_run_dependencies/rrbot_gazebo
[1.091s] -- Up-to-date symlink: /home/aadesh/proj_ws/src/install/rrbot_gazebo/share/ament_index/resource_index/parent_prefix_path/rrbot_gazebo
[1.092s] -- Up-to-date symlink: /home/aadesh/proj_ws/src/install/rrbot_gazebo/share/rrbot_gazebo/environment/ament_prefix_path.sh
[1.093s] -- Up-to-date symlink: /home/aadesh/proj_ws/src/install/rrbot_gazebo/share/rrbot_gazebo/environment/ament_prefix_path.dsv
[1.095s] -- Up-to-date symlink: /home/aadesh/proj_ws/src/install/rrbot_gazebo/share/rrbot_gazebo/environment/path.sh
[1.096s] -- Up-to-date symlink: /home/aadesh/proj_ws/src/install/rrbot_gazebo/share/rrbot_gazebo/environment/path.dsv
[1.098s] -- Up-to-date symlink: /home/aadesh/proj_ws/src/install/rrbot_gazebo/share/rrbot_gazebo/local_setup.bash
[1.099s] -- Up-to-date symlink: /home/aadesh/proj_ws/src/install/rrbot_gazebo/share/rrbot_gazebo/local_setup.sh
[1.100s] -- Up-to-date symlink: /home/aadesh/proj_ws/src/install/rrbot_gazebo/share/rrbot_gazebo/local_setup.zsh
[1.101s] -- Up-to-date symlink: /home/aadesh/proj_ws/src/install/rrbot_gazebo/share/rrbot_gazebo/local_setup.dsv
[1.102s] -- Symlinking: /home/aadesh/proj_ws/src/install/rrbot_gazebo/share/rrbot_gazebo/package.dsv
[1.135s] -- Up-to-date symlink: /home/aadesh/proj_ws/src/install/rrbot_gazebo/share/ament_index/resource_index/packages/rrbot_gazebo
[1.136s] -- Up-to-date symlink: /home/aadesh/proj_ws/src/install/rrbot_gazebo/share/rrbot_gazebo/cmake/rrbot_gazeboConfig.cmake
[1.136s] -- Up-to-date symlink: /home/aadesh/proj_ws/src/install/rrbot_gazebo/share/rrbot_gazebo/cmake/rrbot_gazeboConfig-version.cmake
[1.137s] -- Up-to-date symlink: /home/aadesh/proj_ws/src/install/rrbot_gazebo/share/rrbot_gazebo/package.xml
[1.148s] Invoked command in '/home/aadesh/proj_ws/src/build/rrbot_gazebo' returned '0': AMENT_PREFIX_PATH=/home/aadesh/proj_ws/src/install/rrbot_description:${AMENT_PREFIX_PATH} CMAKE_PREFIX_PATH=/home/aadesh/proj_ws/src/install/rrbot_description:/opt/ros/humble /usr/bin/cmake --install /home/aadesh/proj_ws/src/build/rrbot_gazebo
