[0.741s] Invoking command in '/home/aadesh/proj_ws/src/FK': PYTHONPATH=/home/aadesh/proj_ws/src/install/FK/lib/python3.10/site-packages:${PYTHONPATH} /usr/bin/python3 setup.py egg_info --egg-base ../build/FK build --build-base /home/aadesh/proj_ws/src/build/FK/build install --prefix /home/aadesh/proj_ws/src/install/FK --record /home/aadesh/proj_ws/src/build/FK/install.log --single-version-externally-managed
[0.999s] running egg_info
[1.000s] writing ../build/FK/FK.egg-info/PKG-INFO
[1.000s] writing dependency_links to ../build/FK/FK.egg-info/dependency_links.txt
[1.001s] writing entry points to ../build/FK/FK.egg-info/entry_points.txt
[1.001s] writing requirements to ../build/FK/FK.egg-info/requires.txt
[1.001s] writing top-level names to ../build/FK/FK.egg-info/top_level.txt
[1.003s] reading manifest file '../build/FK/FK.egg-info/SOURCES.txt'
[1.004s] writing manifest file '../build/FK/FK.egg-info/SOURCES.txt'
[1.004s] running build
[1.004s] running build_py
[1.004s] running install
[1.005s] /usr/lib/python3/dist-packages/setuptools/command/install.py:34: SetuptoolsDeprecationWarning: setup.py install is deprecated. Use build and pip and other standards-based tools.
[1.005s]   warnings.warn(
[1.005s] running install_lib
[1.006s] byte-compiling /home/aadesh/proj_ws/src/install/FK/lib/python3.10/site-packages/FK/end_pose.py to end_pose.cpython-310.pyc
[1.007s] running install_data
[1.008s] running install_egg_info
[1.009s] removing '/home/aadesh/proj_ws/src/install/FK/lib/python3.10/site-packages/FK-0.0.0-py3.10.egg-info' (and everything under it)
[1.010s] Copying ../build/FK/FK.egg-info to /home/aadesh/proj_ws/src/install/FK/lib/python3.10/site-packages/FK-0.0.0-py3.10.egg-info
[1.011s] running install_scripts
[1.032s] Installing listener script to /home/aadesh/proj_ws/src/install/FK/lib/FK
[1.033s] writing list of installed files to '/home/aadesh/proj_ws/src/build/FK/install.log'
[1.061s] Invoked command in '/home/aadesh/proj_ws/src/FK' returned '0': PYTHONPATH=/home/aadesh/proj_ws/src/install/FK/lib/python3.10/site-packages:${PYTHONPATH} /usr/bin/python3 setup.py egg_info --egg-base ../build/FK build --build-base /home/aadesh/proj_ws/src/build/FK/build install --prefix /home/aadesh/proj_ws/src/install/FK --record /home/aadesh/proj_ws/src/build/FK/install.log --single-version-externally-managed
