[0.024s] Invoking command in '/home/aadesh/proj_ws/src/build/rrbot_description': CMAKE_PREFIX_PATH=${CMAKE_PREFIX_PATH}:/home/aadesh/proj_ws/src/install/FK:/opt/ros/humble /usr/bin/cmake --build /home/aadesh/proj_ws/src/build/rrbot_description -- -j8 -l8
[0.330s] Invoked command in '/home/aadesh/proj_ws/src/build/rrbot_description' returned '0': CMAKE_PREFIX_PATH=${CMAKE_PREFIX_PATH}:/home/aadesh/proj_ws/src/install/FK:/opt/ros/humble /usr/bin/cmake --build /home/aadesh/proj_ws/src/build/rrbot_description -- -j8 -l8
[0.365s] Invoking command in '/home/aadesh/proj_ws/src/build/rrbot_description': CMAKE_PREFIX_PATH=${CMAKE_PREFIX_PATH}:/home/aadesh/proj_ws/src/install/FK:/opt/ros/humble /usr/bin/cmake --install /home/aadesh/proj_ws/src/build/rrbot_description
[0.375s] -- Install configuration: ""
[0.375s] -- Execute custom install script
[0.375s] -- Up-to-date symlink: /home/aadesh/proj_ws/src/install/rrbot_description/share/rrbot_description/config/rrbot.rviz
[0.376s] -- Up-to-date symlink: /home/aadesh/proj_ws/src/install/rrbot_description/share/rrbot_description/gazebo/rrbot.gazebo.xacro
[0.376s] -- Up-to-date symlink: /home/aadesh/proj_ws/src/install/rrbot_description/share/rrbot_description/gazebo/rrbot.materials.xacro
[0.376s] -- Up-to-date symlink: /home/aadesh/proj_ws/src/install/rrbot_description/share/rrbot_description/meshes/hokuyo.dae
[0.376s] -- Up-to-date symlink: /home/aadesh/proj_ws/src/install/rrbot_description/share/rrbot_description/launch/view_robot.launch.py
[0.377s] -- Up-to-date symlink: /home/aadesh/proj_ws/src/install/rrbot_description/share/rrbot_description/ros2_control/rrbot.ros2_control.xacro
[0.377s] -- Up-to-date symlink: /home/aadesh/proj_ws/src/install/rrbot_description/share/rrbot_description/urdf/rrbot.urdf.xacro
[0.377s] -- Up-to-date symlink: /home/aadesh/proj_ws/src/install/rrbot_description/share/rrbot_description/urdf/rrbot_description.urdf.xacro
[0.377s] -- Up-to-date symlink: /home/aadesh/proj_ws/src/install/rrbot_description/share/rrbot_description/environment/rrbot_description.dsv
[0.378s] -- Up-to-date symlink: /home/aadesh/proj_ws/src/install/rrbot_description/share/ament_index/resource_index/package_run_dependencies/rrbot_description
[0.378s] -- Up-to-date symlink: /home/aadesh/proj_ws/src/install/rrbot_description/share/ament_index/resource_index/parent_prefix_path/rrbot_description
[0.378s] -- Up-to-date symlink: /home/aadesh/proj_ws/src/install/rrbot_description/share/rrbot_description/environment/ament_prefix_path.sh
[0.378s] -- Up-to-date symlink: /home/aadesh/proj_ws/src/install/rrbot_description/share/rrbot_description/environment/ament_prefix_path.dsv
[0.378s] -- Up-to-date symlink: /home/aadesh/proj_ws/src/install/rrbot_description/share/rrbot_description/environment/path.sh
[0.378s] -- Up-to-date symlink: /home/aadesh/proj_ws/src/install/rrbot_description/share/rrbot_description/environment/path.dsv
[0.379s] -- Up-to-date symlink: /home/aadesh/proj_ws/src/install/rrbot_description/share/rrbot_description/local_setup.bash
[0.379s] -- Up-to-date symlink: /home/aadesh/proj_ws/src/install/rrbot_description/share/rrbot_description/local_setup.sh
[0.379s] -- Up-to-date symlink: /home/aadesh/proj_ws/src/install/rrbot_description/share/rrbot_description/local_setup.zsh
[0.379s] -- Up-to-date symlink: /home/aadesh/proj_ws/src/install/rrbot_description/share/rrbot_description/local_setup.dsv
[0.379s] -- Symlinking: /home/aadesh/proj_ws/src/install/rrbot_description/share/rrbot_description/package.dsv
[0.389s] -- Up-to-date symlink: /home/aadesh/proj_ws/src/install/rrbot_description/share/ament_index/resource_index/packages/rrbot_description
[0.389s] -- Up-to-date symlink: /home/aadesh/proj_ws/src/install/rrbot_description/share/rrbot_description/cmake/rrbot_descriptionConfig.cmake
[0.389s] -- Up-to-date symlink: /home/aadesh/proj_ws/src/install/rrbot_description/share/rrbot_description/cmake/rrbot_descriptionConfig-version.cmake
[0.390s] -- Up-to-date symlink: /home/aadesh/proj_ws/src/install/rrbot_description/share/rrbot_description/package.xml
[0.392s] Invoked command in '/home/aadesh/proj_ws/src/build/rrbot_description' returned '0': CMAKE_PREFIX_PATH=${CMAKE_PREFIX_PATH}:/home/aadesh/proj_ws/src/install/FK:/opt/ros/humble /usr/bin/cmake --install /home/aadesh/proj_ws/src/build/rrbot_description
